make[1]: Entering directory `/home/dskhudia/projects/Reliability/approximate/approx-pass/obj/lib'
make[2]: Entering directory `/home/dskhudia/projects/Reliability/approximate/approx-pass/obj/lib/approx'
llvm[2]: Compiling MyProfileInfo.cpp for Debug+Asserts build (PIC)
/home/dskhudia/projects/Reliability/approximate/approx-pass/lib/approx/MyProfileInfo.cpp: In member function ‘void llvm::MyProfileInfoT<FType, BType>::addEdgeWeight(llvm::MyProfileInfoT<FType, BType>::Edge, double) [with FType = llvm::Function, BType = llvm::BasicBlock, llvm::MyProfileInfoT<FType, BType>::Edge = std::pair<const llvm::BasicBlock*, const llvm::BasicBlock*>]’:
/home/dskhudia/projects/Reliability/approximate/approx-pass/lib/approx/MyProfileInfo.cpp:186:3: error: no match for ‘operator<<’ in ‘(& llvm::dbgs())->llvm::raw_ostream::operator<<(((const char*)"Adding to Edge ")) << e’
/home/dskhudia/projects/Reliability/approximate/approx-pass/lib/approx/MyProfileInfo.cpp:186:3: note: candidates are:
/home/dskhudia/projects/Reliability/approximate/llvm-3.2.src/include/llvm/Support/raw_ostream.h:134:16: note: llvm::raw_ostream& llvm::raw_ostream::operator<<(char)
/home/dskhudia/projects/Reliability/approximate/llvm-3.2.src/include/llvm/Support/raw_ostream.h:134:16: note:   no known conversion for argument 1 from ‘llvm::MyProfileInfoT<llvm::Function, llvm::BasicBlock>::Edge {aka std::pair<const llvm::BasicBlock*, const llvm::BasicBlock*>}’ to ‘char’
/home/dskhudia/projects/Reliability/approximate/llvm-3.2.src/include/llvm/Support/raw_ostream.h:141:16: note: llvm::raw_ostream& llvm::raw_ostream::operator<<(unsigned char)
/home/dskhudia/projects/Reliability/approximate/llvm-3.2.src/include/llvm/Support/raw_ostream.h:141:16: note:   no known conversion for argument 1 from ‘llvm::MyProfileInfoT<llvm::Function, llvm::BasicBlock>::Edge {aka std::pair<const llvm::BasicBlock*, const llvm::BasicBlock*>}’ to ‘unsigned char’
/home/dskhudia/projects/Reliability/approximate/llvm-3.2.src/include/llvm/Support/raw_ostream.h:148:16: note: llvm::raw_ostream& llvm::raw_ostream::operator<<(signed char)
/home/dskhudia/projects/Reliability/approximate/llvm-3.2.src/include/llvm/Support/raw_ostream.h:148:16: note:   no known conversion for argument 1 from ‘llvm::MyProfileInfoT<llvm::Function, llvm::BasicBlock>::Edge {aka std::pair<const llvm::BasicBlock*, const llvm::BasicBlock*>}’ to ‘signed char’
/home/dskhudia/projects/Reliability/approximate/llvm-3.2.src/include/llvm/Support/raw_ostream.h:155:16: note: llvm::raw_ostream& llvm::raw_ostream::operator<<(llvm::StringRef)
/home/dskhudia/projects/Reliability/approximate/llvm-3.2.src/include/llvm/Support/raw_ostream.h:155:16: note:   no known conversion for argument 1 from ‘llvm::MyProfileInfoT<llvm::Function, llvm::BasicBlock>::Edge {aka std::pair<const llvm::BasicBlock*, const llvm::BasicBlock*>}’ to ‘llvm::StringRef’
/home/dskhudia/projects/Reliability/approximate/llvm-3.2.src/include/llvm/Support/raw_ostream.h:168:16: note: llvm::raw_ostream& llvm::raw_ostream::operator<<(const char*)
/home/dskhudia/projects/Reliability/approximate/llvm-3.2.src/include/llvm/Support/raw_ostream.h:168:16: note:   no known conversion for argument 1 from ‘llvm::MyProfileInfoT<llvm::Function, llvm::BasicBlock>::Edge {aka std::pair<const llvm::BasicBlock*, const llvm::BasicBlock*>}’ to ‘const char*’
/home/dskhudia/projects/Reliability/approximate/llvm-3.2.src/include/llvm/Support/raw_ostream.h:175:16: note: llvm::raw_ostream& llvm::raw_ostream::operator<<(const string&)
/home/dskhudia/projects/Reliability/approximate/llvm-3.2.src/include/llvm/Support/raw_ostream.h:175:16: note:   no known conversion for argument 1 from ‘llvm::MyProfileInfoT<llvm::Function, llvm::BasicBlock>::Edge {aka std::pair<const llvm::BasicBlock*, const llvm::BasicBlock*>}’ to ‘const string& {aka const std::basic_string<char>&}’
/home/dskhudia/projects/Reliability/approximate/llvm-3.2.src/include/llvm/Support/raw_ostream.h:180:16: note: llvm::raw_ostream& llvm::raw_ostream::operator<<(long unsigned int)
/home/dskhudia/projects/Reliability/approximate/llvm-3.2.src/include/llvm/Support/raw_ostream.h:180:16: note:   no known conversion for argument 1 from ‘llvm::MyProfileInfoT<llvm::Function, llvm::BasicBlock>::Edge {aka std::pair<const llvm::BasicBlock*, const llvm::BasicBlock*>}’ to ‘long unsigned int’
/home/dskhudia/projects/Reliability/approximate/llvm-3.2.src/include/llvm/Support/raw_ostream.h:181:16: note: llvm::raw_ostream& llvm::raw_ostream::operator<<(long int)
/home/dskhudia/projects/Reliability/approximate/llvm-3.2.src/include/llvm/Support/raw_ostream.h:181:16: note:   no known conversion for argument 1 from ‘llvm::MyProfileInfoT<llvm::Function, llvm::BasicBlock>::Edge {aka std::pair<const llvm::BasicBlock*, const llvm::BasicBlock*>}’ to ‘long int’
/home/dskhudia/projects/Reliability/approximate/llvm-3.2.src/include/llvm/Support/raw_ostream.h:182:16: note: llvm::raw_ostream& llvm::raw_ostream::operator<<(long long unsigned int)
/home/dskhudia/projects/Reliability/approximate/llvm-3.2.src/include/llvm/Support/raw_ostream.h:182:16: note:   no known conversion for argument 1 from ‘llvm::MyProfileInfoT<llvm::Function, llvm::BasicBlock>::Edge {aka std::pair<const llvm::BasicBlock*, const llvm::BasicBlock*>}’ to ‘long long unsigned int’
/home/dskhudia/projects/Reliability/approximate/llvm-3.2.src/include/llvm/Support/raw_ostream.h:183:16: note: llvm::raw_ostream& llvm::raw_ostream::operator<<(long long int)
/home/dskhudia/projects/Reliability/approximate/llvm-3.2.src/include/llvm/Support/raw_ostream.h:183:16: note:   no known conversion for argument 1 from ‘llvm::MyProfileInfoT<llvm::Function, llvm::BasicBlock>::Edge {aka std::pair<const llvm::BasicBlock*, const llvm::BasicBlock*>}’ to ‘long long int’
/home/dskhudia/projects/Reliability/approximate/llvm-3.2.src/include/llvm/Support/raw_ostream.h:184:16: note: llvm::raw_ostream& llvm::raw_ostream::operator<<(const void*)
/home/dskhudia/projects/Reliability/approximate/llvm-3.2.src/include/llvm/Support/raw_ostream.h:184:16: note:   no known conversion for argument 1 from ‘llvm::MyProfileInfoT<llvm::Function, llvm::BasicBlock>::Edge {aka std::pair<const llvm::BasicBlock*, const llvm::BasicBlock*>}’ to ‘const void*’
/home/dskhudia/projects/Reliability/approximate/llvm-3.2.src/include/llvm/Support/raw_ostream.h:185:16: note: llvm::raw_ostream& llvm::raw_ostream::operator<<(unsigned int)
/home/dskhudia/projects/Reliability/approximate/llvm-3.2.src/include/llvm/Support/raw_ostream.h:185:16: note:   no known conversion for argument 1 from ‘llvm::MyProfileInfoT<llvm::Function, llvm::BasicBlock>::Edge {aka std::pair<const llvm::BasicBlock*, const llvm::BasicBlock*>}’ to ‘unsigned int’
/home/dskhudia/projects/Reliability/approximate/llvm-3.2.src/include/llvm/Support/raw_ostream.h:189:16: note: llvm::raw_ostream& llvm::raw_ostream::operator<<(int)
/home/dskhudia/projects/Reliability/approximate/llvm-3.2.src/include/llvm/Support/raw_ostream.h:189:16: note:   no known conversion for argument 1 from ‘llvm::MyProfileInfoT<llvm::Function, llvm::BasicBlock>::Edge {aka std::pair<const llvm::BasicBlock*, const llvm::BasicBlock*>}’ to ‘int’
/home/dskhudia/projects/Reliability/approximate/llvm-3.2.src/include/llvm/Support/raw_ostream.h:193:16: note: llvm::raw_ostream& llvm::raw_ostream::operator<<(double)
/home/dskhudia/projects/Reliability/approximate/llvm-3.2.src/include/llvm/Support/raw_ostream.h:193:16: note:   no known conversion for argument 1 from ‘llvm::MyProfileInfoT<llvm::Function, llvm::BasicBlock>::Edge {aka std::pair<const llvm::BasicBlock*, const llvm::BasicBlock*>}’ to ‘double’
/home/dskhudia/projects/Reliability/approximate/llvm-3.2.src/include/llvm/Support/raw_ostream.h:206:16: note: llvm::raw_ostream& llvm::raw_ostream::operator<<(const llvm::format_object_base&)
/home/dskhudia/projects/Reliability/approximate/llvm-3.2.src/include/llvm/Support/raw_ostream.h:206:16: note:   no known conversion for argument 1 from ‘llvm::MyProfileInfoT<llvm::Function, llvm::BasicBlock>::Edge {aka std::pair<const llvm::BasicBlock*, const llvm::BasicBlock*>}’ to ‘const llvm::format_object_base&’
/home/dskhudia/projects/Reliability/approximate/llvm-3.2.src/include/llvm/CodeGen/MachineOperand.h:685:21: note: llvm::raw_ostream& llvm::operator<<(llvm::raw_ostream&, const llvm::MachineOperand&)
/home/dskhudia/projects/Reliability/approximate/llvm-3.2.src/include/llvm/CodeGen/MachineOperand.h:685:21: note:   no known conversion for argument 2 from ‘llvm::MyProfileInfoT<llvm::Function, llvm::BasicBlock>::Edge {aka std::pair<const llvm::BasicBlock*, const llvm::BasicBlock*>}’ to ‘const llvm::MachineOperand&’
/home/dskhudia/projects/Reliability/approximate/llvm-3.2.src/include/llvm/Value.h:320:21: note: llvm::raw_ostream& llvm::operator<<(llvm::raw_ostream&, const llvm::Value&)
/home/dskhudia/projects/Reliability/approximate/llvm-3.2.src/include/llvm/Value.h:320:21: note:   no known conversion for argument 2 from ‘llvm::MyProfileInfoT<llvm::Function, llvm::BasicBlock>::Edge {aka std::pair<const llvm::BasicBlock*, const llvm::BasicBlock*>}’ to ‘const llvm::Value&’
/home/dskhudia/projects/Reliability/approximate/llvm-3.2.src/include/llvm/CodeGen/MachineInstr.h:1017:21: note: llvm::raw_ostream& llvm::operator<<(llvm::raw_ostream&, const llvm::MachineInstr&)
/home/dskhudia/projects/Reliability/approximate/llvm-3.2.src/include/llvm/CodeGen/MachineInstr.h:1017:21: note:   no known conversion for argument 2 from ‘llvm::MyProfileInfoT<llvm::Function, llvm::BasicBlock>::Edge {aka std::pair<const llvm::BasicBlock*, const llvm::BasicBlock*>}’ to ‘const llvm::MachineInstr&’
/home/dskhudia/projects/Reliability/approximate/llvm-3.2.src/include/llvm/CodeGen/MachineBasicBlock.h:621:14: note: llvm::raw_ostream& llvm::operator<<(llvm::raw_ostream&, const llvm::MachineBasicBlock&)
/home/dskhudia/projects/Reliability/approximate/llvm-3.2.src/include/llvm/CodeGen/MachineBasicBlock.h:621:14: note:   no known conversion for argument 2 from ‘llvm::MyProfileInfoT<llvm::Function, llvm::BasicBlock>::Edge {aka std::pair<const llvm::BasicBlock*, const llvm::BasicBlock*>}’ to ‘const llvm::MachineBasicBlock&’
/home/dskhudia/projects/Reliability/approximate/llvm-3.2.src/include/llvm/ADT/Twine.h:516:23: note: llvm::raw_ostream& llvm::operator<<(llvm::raw_ostream&, const llvm::Twine&)
/home/dskhudia/projects/Reliability/approximate/llvm-3.2.src/include/llvm/ADT/Twine.h:516:23: note:   no known conversion for argument 2 from ‘llvm::MyProfileInfoT<llvm::Function, llvm::BasicBlock>::Edge {aka std::pair<const llvm::BasicBlock*, const llvm::BasicBlock*>}’ to ‘const llvm::Twine&’
/home/dskhudia/projects/Reliability/approximate/llvm-3.2.src/include/llvm/Type.h:412:28: note: llvm::raw_ostream& llvm::operator<<(llvm::raw_ostream&, llvm::Type&)
/home/dskhudia/projects/Reliability/approximate/llvm-3.2.src/include/llvm/Type.h:412:28: note:   no known conversion for argument 2 from ‘llvm::MyProfileInfoT<llvm::Function, llvm::BasicBlock>::Edge {aka std::pair<const llvm::BasicBlock*, const llvm::BasicBlock*>}’ to ‘llvm::Type&’
/usr/include/c++/4.6/ostream:528:5: note: template<class _Traits> std::basic_ostream<char, _Traits>& std::operator<<(std::basic_ostream<char, _Traits>&, const unsigned char*)
/usr/include/c++/4.6/ostream:523:5: note: template<class _Traits> std::basic_ostream<char, _Traits>& std::operator<<(std::basic_ostream<char, _Traits>&, const signed char*)
/usr/include/c++/4.6/ostream:510:5: note: template<class _Traits> std::basic_ostream<char, _Traits>& std::operator<<(std::basic_ostream<char, _Traits>&, const char*)
/usr/include/c++/4.6/bits/ostream.tcc:323:5: note: template<class _CharT, class _Traits> std::basic_ostream<_CharT, _Traits>& std::operator<<(std::basic_ostream<_CharT, _Traits>&, const char*)
/usr/include/c++/4.6/ostream:493:5: note: template<class _CharT, class _Traits> std::basic_ostream<_CharT, _Traits>& std::operator<<(std::basic_ostream<_CharT, _Traits>&, const _CharT*)
/usr/include/c++/4.6/ostream:473:5: note: template<class _Traits> std::basic_ostream<char, _Traits>& std::operator<<(std::basic_ostream<char, _Traits>&, unsigned char)
/usr/include/c++/4.6/ostream:468:5: note: template<class _Traits> std::basic_ostream<char, _Traits>& std::operator<<(std::basic_ostream<char, _Traits>&, signed char)
/usr/include/c++/4.6/ostream:462:5: note: template<class _Traits> std::basic_ostream<char, _Traits>& std::operator<<(std::basic_ostream<char, _Traits>&, char)
/usr/include/c++/4.6/ostream:456:5: note: template<class _CharT, class _Traits> std::basic_ostream<_CharT, _Traits>& std::operator<<(std::basic_ostream<_CharT, _Traits>&, char)
/usr/include/c++/4.6/ostream:451:5: note: template<class _CharT, class _Traits> std::basic_ostream<_CharT, _Traits>& std::operator<<(std::basic_ostream<_CharT, _Traits>&, _CharT)
/usr/include/c++/4.6/bits/basic_string.h:2693:5: note: template<class _CharT, class _Traits, class _Alloc> std::basic_ostream<_CharT, _Traits>& std::operator<<(std::basic_ostream<_CharT, _Traits>&, const std::basic_string<_CharT, _Traits, _Alloc>&)
/home/dskhudia/projects/Reliability/approximate/approx-pass/lib/approx/MyProfileInfo.cpp: In member function ‘void llvm::MyProfileInfoT<FType, BType>::removeEdge(llvm::MyProfileInfoT<FType, BType>::Edge) [with FType = llvm::Function, BType = llvm::BasicBlock, llvm::MyProfileInfoT<FType, BType>::Edge = std::pair<const llvm::BasicBlock*, const llvm::BasicBlock*>]’:
/home/dskhudia/projects/Reliability/approximate/approx-pass/lib/approx/MyProfileInfo.cpp:217:3: error: no match for ‘operator<<’ in ‘(& llvm::dbgs())->llvm::raw_ostream::operator<<(((const char*)"Deleting")) << e’
/home/dskhudia/projects/Reliability/approximate/approx-pass/lib/approx/MyProfileInfo.cpp:217:3: note: candidates are:
/home/dskhudia/projects/Reliability/approximate/llvm-3.2.src/include/llvm/Support/raw_ostream.h:134:16: note: llvm::raw_ostream& llvm::raw_ostream::operator<<(char)
/home/dskhudia/projects/Reliability/approximate/llvm-3.2.src/include/llvm/Support/raw_ostream.h:134:16: note:   no known conversion for argument 1 from ‘llvm::MyProfileInfoT<llvm::Function, llvm::BasicBlock>::Edge {aka std::pair<const llvm::BasicBlock*, const llvm::BasicBlock*>}’ to ‘char’
/home/dskhudia/projects/Reliability/approximate/llvm-3.2.src/include/llvm/Support/raw_ostream.h:141:16: note: llvm::raw_ostream& llvm::raw_ostream::operator<<(unsigned char)
/home/dskhudia/projects/Reliability/approximate/llvm-3.2.src/include/llvm/Support/raw_ostream.h:141:16: note:   no known conversion for argument 1 from ‘llvm::MyProfileInfoT<llvm::Function, llvm::BasicBlock>::Edge {aka std::pair<const llvm::BasicBlock*, const llvm::BasicBlock*>}’ to ‘unsigned char’
/home/dskhudia/projects/Reliability/approximate/llvm-3.2.src/include/llvm/Support/raw_ostream.h:148:16: note: llvm::raw_ostream& llvm::raw_ostream::operator<<(signed char)
/home/dskhudia/projects/Reliability/approximate/llvm-3.2.src/include/llvm/Support/raw_ostream.h:148:16: note:   no known conversion for argument 1 from ‘llvm::MyProfileInfoT<llvm::Function, llvm::BasicBlock>::Edge {aka std::pair<const llvm::BasicBlock*, const llvm::BasicBlock*>}’ to ‘signed char’
/home/dskhudia/projects/Reliability/approximate/llvm-3.2.src/include/llvm/Support/raw_ostream.h:155:16: note: llvm::raw_ostream& llvm::raw_ostream::operator<<(llvm::StringRef)
/home/dskhudia/projects/Reliability/approximate/llvm-3.2.src/include/llvm/Support/raw_ostream.h:155:16: note:   no known conversion for argument 1 from ‘llvm::MyProfileInfoT<llvm::Function, llvm::BasicBlock>::Edge {aka std::pair<const llvm::BasicBlock*, const llvm::BasicBlock*>}’ to ‘llvm::StringRef’
/home/dskhudia/projects/Reliability/approximate/llvm-3.2.src/include/llvm/Support/raw_ostream.h:168:16: note: llvm::raw_ostream& llvm::raw_ostream::operator<<(const char*)
/home/dskhudia/projects/Reliability/approximate/llvm-3.2.src/include/llvm/Support/raw_ostream.h:168:16: note:   no known conversion for argument 1 from ‘llvm::MyProfileInfoT<llvm::Function, llvm::BasicBlock>::Edge {aka std::pair<const llvm::BasicBlock*, const llvm::BasicBlock*>}’ to ‘const char*’
/home/dskhudia/projects/Reliability/approximate/llvm-3.2.src/include/llvm/Support/raw_ostream.h:175:16: note: llvm::raw_ostream& llvm::raw_ostream::operator<<(const string&)
/home/dskhudia/projects/Reliability/approximate/llvm-3.2.src/include/llvm/Support/raw_ostream.h:175:16: note:   no known conversion for argument 1 from ‘llvm::MyProfileInfoT<llvm::Function, llvm::BasicBlock>::Edge {aka std::pair<const llvm::BasicBlock*, const llvm::BasicBlock*>}’ to ‘const string& {aka const std::basic_string<char>&}’
/home/dskhudia/projects/Reliability/approximate/llvm-3.2.src/include/llvm/Support/raw_ostream.h:180:16: note: llvm::raw_ostream& llvm::raw_ostream::operator<<(long unsigned int)
/home/dskhudia/projects/Reliability/approximate/llvm-3.2.src/include/llvm/Support/raw_ostream.h:180:16: note:   no known conversion for argument 1 from ‘llvm::MyProfileInfoT<llvm::Function, llvm::BasicBlock>::Edge {aka std::pair<const llvm::BasicBlock*, const llvm::BasicBlock*>}’ to ‘long unsigned int’
/home/dskhudia/projects/Reliability/approximate/llvm-3.2.src/include/llvm/Support/raw_ostream.h:181:16: note: llvm::raw_ostream& llvm::raw_ostream::operator<<(long int)
/home/dskhudia/projects/Reliability/approximate/llvm-3.2.src/include/llvm/Support/raw_ostream.h:181:16: note:   no known conversion for argument 1 from ‘llvm::MyProfileInfoT<llvm::Function, llvm::BasicBlock>::Edge {aka std::pair<const llvm::BasicBlock*, const llvm::BasicBlock*>}’ to ‘long int’
/home/dskhudia/projects/Reliability/approximate/llvm-3.2.src/include/llvm/Support/raw_ostream.h:182:16: note: llvm::raw_ostream& llvm::raw_ostream::operator<<(long long unsigned int)
/home/dskhudia/projects/Reliability/approximate/llvm-3.2.src/include/llvm/Support/raw_ostream.h:182:16: note:   no known conversion for argument 1 from ‘llvm::MyProfileInfoT<llvm::Function, llvm::BasicBlock>::Edge {aka std::pair<const llvm::BasicBlock*, const llvm::BasicBlock*>}’ to ‘long long unsigned int’
/home/dskhudia/projects/Reliability/approximate/llvm-3.2.src/include/llvm/Support/raw_ostream.h:183:16: note: llvm::raw_ostream& llvm::raw_ostream::operator<<(long long int)
/home/dskhudia/projects/Reliability/approximate/llvm-3.2.src/include/llvm/Support/raw_ostream.h:183:16: note:   no known conversion for argument 1 from ‘llvm::MyProfileInfoT<llvm::Function, llvm::BasicBlock>::Edge {aka std::pair<const llvm::BasicBlock*, const llvm::BasicBlock*>}’ to ‘long long int’
/home/dskhudia/projects/Reliability/approximate/llvm-3.2.src/include/llvm/Support/raw_ostream.h:184:16: note: llvm::raw_ostream& llvm::raw_ostream::operator<<(const void*)
/home/dskhudia/projects/Reliability/approximate/llvm-3.2.src/include/llvm/Support/raw_ostream.h:184:16: note:   no known conversion for argument 1 from ‘llvm::MyProfileInfoT<llvm::Function, llvm::BasicBlock>::Edge {aka std::pair<const llvm::BasicBlock*, const llvm::BasicBlock*>}’ to ‘const void*’
/home/dskhudia/projects/Reliability/approximate/llvm-3.2.src/include/llvm/Support/raw_ostream.h:185:16: note: llvm::raw_ostream& llvm::raw_ostream::operator<<(unsigned int)
/home/dskhudia/projects/Reliability/approximate/llvm-3.2.src/include/llvm/Support/raw_ostream.h:185:16: note:   no known conversion for argument 1 from ‘llvm::MyProfileInfoT<llvm::Function, llvm::BasicBlock>::Edge {aka std::pair<const llvm::BasicBlock*, const llvm::BasicBlock*>}’ to ‘unsigned int’
/home/dskhudia/projects/Reliability/approximate/llvm-3.2.src/include/llvm/Support/raw_ostream.h:189:16: note: llvm::raw_ostream& llvm::raw_ostream::operator<<(int)
/home/dskhudia/projects/Reliability/approximate/llvm-3.2.src/include/llvm/Support/raw_ostream.h:189:16: note:   no known conversion for argument 1 from ‘llvm::MyProfileInfoT<llvm::Function, llvm::BasicBlock>::Edge {aka std::pair<const llvm::BasicBlock*, const llvm::BasicBlock*>}’ to ‘int’
/home/dskhudia/projects/Reliability/approximate/llvm-3.2.src/include/llvm/Support/raw_ostream.h:193:16: note: llvm::raw_ostream& llvm::raw_ostream::operator<<(double)
/home/dskhudia/projects/Reliability/approximate/llvm-3.2.src/include/llvm/Support/raw_ostream.h:193:16: note:   no known conversion for argument 1 from ‘llvm::MyProfileInfoT<llvm::Function, llvm::BasicBlock>::Edge {aka std::pair<const llvm::BasicBlock*, const llvm::BasicBlock*>}’ to ‘double’
/home/dskhudia/projects/Reliability/approximate/llvm-3.2.src/include/llvm/Support/raw_ostream.h:206:16: note: llvm::raw_ostream& llvm::raw_ostream::operator<<(const llvm::format_object_base&)
/home/dskhudia/projects/Reliability/approximate/llvm-3.2.src/include/llvm/Support/raw_ostream.h:206:16: note:   no known conversion for argument 1 from ‘llvm::MyProfileInfoT<llvm::Function, llvm::BasicBlock>::Edge {aka std::pair<const llvm::BasicBlock*, const llvm::BasicBlock*>}’ to ‘const llvm::format_object_base&’
/home/dskhudia/projects/Reliability/approximate/llvm-3.2.src/include/llvm/CodeGen/MachineOperand.h:685:21: note: llvm::raw_ostream& llvm::operator<<(llvm::raw_ostream&, const llvm::MachineOperand&)
/home/dskhudia/projects/Reliability/approximate/llvm-3.2.src/include/llvm/CodeGen/MachineOperand.h:685:21: note:   no known conversion for argument 2 from ‘llvm::MyProfileInfoT<llvm::Function, llvm::BasicBlock>::Edge {aka std::pair<const llvm::BasicBlock*, const llvm::BasicBlock*>}’ to ‘const llvm::MachineOperand&’
/home/dskhudia/projects/Reliability/approximate/llvm-3.2.src/include/llvm/Value.h:320:21: note: llvm::raw_ostream& llvm::operator<<(llvm::raw_ostream&, const llvm::Value&)
/home/dskhudia/projects/Reliability/approximate/llvm-3.2.src/include/llvm/Value.h:320:21: note:   no known conversion for argument 2 from ‘llvm::MyProfileInfoT<llvm::Function, llvm::BasicBlock>::Edge {aka std::pair<const llvm::BasicBlock*, const llvm::BasicBlock*>}’ to ‘const llvm::Value&’
/home/dskhudia/projects/Reliability/approximate/llvm-3.2.src/include/llvm/CodeGen/MachineInstr.h:1017:21: note: llvm::raw_ostream& llvm::operator<<(llvm::raw_ostream&, const llvm::MachineInstr&)
/home/dskhudia/projects/Reliability/approximate/llvm-3.2.src/include/llvm/CodeGen/MachineInstr.h:1017:21: note:   no known conversion for argument 2 from ‘llvm::MyProfileInfoT<llvm::Function, llvm::BasicBlock>::Edge {aka std::pair<const llvm::BasicBlock*, const llvm::BasicBlock*>}’ to ‘const llvm::MachineInstr&’
/home/dskhudia/projects/Reliability/approximate/llvm-3.2.src/include/llvm/CodeGen/MachineBasicBlock.h:621:14: note: llvm::raw_ostream& llvm::operator<<(llvm::raw_ostream&, const llvm::MachineBasicBlock&)
/home/dskhudia/projects/Reliability/approximate/llvm-3.2.src/include/llvm/CodeGen/MachineBasicBlock.h:621:14: note:   no known conversion for argument 2 from ‘llvm::MyProfileInfoT<llvm::Function, llvm::BasicBlock>::Edge {aka std::pair<const llvm::BasicBlock*, const llvm::BasicBlock*>}’ to ‘const llvm::MachineBasicBlock&’
/home/dskhudia/projects/Reliability/approximate/llvm-3.2.src/include/llvm/ADT/Twine.h:516:23: note: llvm::raw_ostream& llvm::operator<<(llvm::raw_ostream&, const llvm::Twine&)
/home/dskhudia/projects/Reliability/approximate/llvm-3.2.src/include/llvm/ADT/Twine.h:516:23: note:   no known conversion for argument 2 from ‘llvm::MyProfileInfoT<llvm::Function, llvm::BasicBlock>::Edge {aka std::pair<const llvm::BasicBlock*, const llvm::BasicBlock*>}’ to ‘const llvm::Twine&’
/home/dskhudia/projects/Reliability/approximate/llvm-3.2.src/include/llvm/Type.h:412:28: note: llvm::raw_ostream& llvm::operator<<(llvm::raw_ostream&, llvm::Type&)
/home/dskhudia/projects/Reliability/approximate/llvm-3.2.src/include/llvm/Type.h:412:28: note:   no known conversion for argument 2 from ‘llvm::MyProfileInfoT<llvm::Function, llvm::BasicBlock>::Edge {aka std::pair<const llvm::BasicBlock*, const llvm::BasicBlock*>}’ to ‘llvm::Type&’
/usr/include/c++/4.6/ostream:528:5: note: template<class _Traits> std::basic_ostream<char, _Traits>& std::operator<<(std::basic_ostream<char, _Traits>&, const unsigned char*)
/usr/include/c++/4.6/ostream:523:5: note: template<class _Traits> std::basic_ostream<char, _Traits>& std::operator<<(std::basic_ostream<char, _Traits>&, const signed char*)
/usr/include/c++/4.6/ostream:510:5: note: template<class _Traits> std::basic_ostream<char, _Traits>& std::operator<<(std::basic_ostream<char, _Traits>&, const char*)
/usr/include/c++/4.6/bits/ostream.tcc:323:5: note: template<class _CharT, class _Traits> std::basic_ostream<_CharT, _Traits>& std::operator<<(std::basic_ostream<_CharT, _Traits>&, const char*)
/usr/include/c++/4.6/ostream:493:5: note: template<class _CharT, class _Traits> std::basic_ostream<_CharT, _Traits>& std::operator<<(std::basic_ostream<_CharT, _Traits>&, const _CharT*)
/usr/include/c++/4.6/ostream:473:5: note: template<class _Traits> std::basic_ostream<char, _Traits>& std::operator<<(std::basic_ostream<char, _Traits>&, unsigned char)
/usr/include/c++/4.6/ostream:468:5: note: template<class _Traits> std::basic_ostream<char, _Traits>& std::operator<<(std::basic_ostream<char, _Traits>&, signed char)
/usr/include/c++/4.6/ostream:462:5: note: template<class _Traits> std::basic_ostream<char, _Traits>& std::operator<<(std::basic_ostream<char, _Traits>&, char)
/usr/include/c++/4.6/ostream:456:5: note: template<class _CharT, class _Traits> std::basic_ostream<_CharT, _Traits>& std::operator<<(std::basic_ostream<_CharT, _Traits>&, char)
/usr/include/c++/4.6/ostream:451:5: note: template<class _CharT, class _Traits> std::basic_ostream<_CharT, _Traits>& std::operator<<(std::basic_ostream<_CharT, _Traits>&, _CharT)
/usr/include/c++/4.6/bits/basic_string.h:2693:5: note: template<class _CharT, class _Traits, class _Alloc> std::basic_ostream<_CharT, _Traits>& std::operator<<(std::basic_ostream<_CharT, _Traits>&, const std::basic_string<_CharT, _Traits, _Alloc>&)
/home/dskhudia/projects/Reliability/approximate/approx-pass/lib/approx/MyProfileInfo.cpp: In member function ‘void llvm::MyProfileInfoT<FType, BType>::replaceEdge(const Edge&, const Edge&) [with FType = llvm::Function, BType = llvm::BasicBlock, llvm::MyProfileInfoT<FType, BType>::Edge = std::pair<const llvm::BasicBlock*, const llvm::BasicBlock*>]’:
/home/dskhudia/projects/Reliability/approximate/approx-pass/lib/approx/MyProfileInfo.cpp:227:5: error: no match for ‘operator<<’ in ‘(& llvm::dbgs())->llvm::raw_ostream::operator<<(((const char*)"Replacing ")) << oldedge’
/home/dskhudia/projects/Reliability/approximate/approx-pass/lib/approx/MyProfileInfo.cpp:227:5: note: candidates are:
/home/dskhudia/projects/Reliability/approximate/llvm-3.2.src/include/llvm/Support/raw_ostream.h:134:16: note: llvm::raw_ostream& llvm::raw_ostream::operator<<(char)
/home/dskhudia/projects/Reliability/approximate/llvm-3.2.src/include/llvm/Support/raw_ostream.h:134:16: note:   no known conversion for argument 1 from ‘const Edge {aka const std::pair<const llvm::BasicBlock*, const llvm::BasicBlock*>}’ to ‘char’
/home/dskhudia/projects/Reliability/approximate/llvm-3.2.src/include/llvm/Support/raw_ostream.h:141:16: note: llvm::raw_ostream& llvm::raw_ostream::operator<<(unsigned char)
/home/dskhudia/projects/Reliability/approximate/llvm-3.2.src/include/llvm/Support/raw_ostream.h:141:16: note:   no known conversion for argument 1 from ‘const Edge {aka const std::pair<const llvm::BasicBlock*, const llvm::BasicBlock*>}’ to ‘unsigned char’
/home/dskhudia/projects/Reliability/approximate/llvm-3.2.src/include/llvm/Support/raw_ostream.h:148:16: note: llvm::raw_ostream& llvm::raw_ostream::operator<<(signed char)
/home/dskhudia/projects/Reliability/approximate/llvm-3.2.src/include/llvm/Support/raw_ostream.h:148:16: note:   no known conversion for argument 1 from ‘const Edge {aka const std::pair<const llvm::BasicBlock*, const llvm::BasicBlock*>}’ to ‘signed char’
/home/dskhudia/projects/Reliability/approximate/llvm-3.2.src/include/llvm/Support/raw_ostream.h:155:16: note: llvm::raw_ostream& llvm::raw_ostream::operator<<(llvm::StringRef)
/home/dskhudia/projects/Reliability/approximate/llvm-3.2.src/include/llvm/Support/raw_ostream.h:155:16: note:   no known conversion for argument 1 from ‘const Edge {aka const std::pair<const llvm::BasicBlock*, const llvm::BasicBlock*>}’ to ‘llvm::StringRef’
/home/dskhudia/projects/Reliability/approximate/llvm-3.2.src/include/llvm/Support/raw_ostream.h:168:16: note: llvm::raw_ostream& llvm::raw_ostream::operator<<(const char*)
/home/dskhudia/projects/Reliability/approximate/llvm-3.2.src/include/llvm/Support/raw_ostream.h:168:16: note:   no known conversion for argument 1 from ‘const Edge {aka const std::pair<const llvm::BasicBlock*, const llvm::BasicBlock*>}’ to ‘const char*’
/home/dskhudia/projects/Reliability/approximate/llvm-3.2.src/include/llvm/Support/raw_ostream.h:175:16: note: llvm::raw_ostream& llvm::raw_ostream::operator<<(const string&)
/home/dskhudia/projects/Reliability/approximate/llvm-3.2.src/include/llvm/Support/raw_ostream.h:175:16: note:   no known conversion for argument 1 from ‘const Edge {aka const std::pair<const llvm::BasicBlock*, const llvm::BasicBlock*>}’ to ‘const string& {aka const std::basic_string<char>&}’
/home/dskhudia/projects/Reliability/approximate/llvm-3.2.src/include/llvm/Support/raw_ostream.h:180:16: note: llvm::raw_ostream& llvm::raw_ostream::operator<<(long unsigned int)
/home/dskhudia/projects/Reliability/approximate/llvm-3.2.src/include/llvm/Support/raw_ostream.h:180:16: note:   no known conversion for argument 1 from ‘const Edge {aka const std::pair<const llvm::BasicBlock*, const llvm::BasicBlock*>}’ to ‘long unsigned int’
/home/dskhudia/projects/Reliability/approximate/llvm-3.2.src/include/llvm/Support/raw_ostream.h:181:16: note: llvm::raw_ostream& llvm::raw_ostream::operator<<(long int)
/home/dskhudia/projects/Reliability/approximate/llvm-3.2.src/include/llvm/Support/raw_ostream.h:181:16: note:   no known conversion for argument 1 from ‘const Edge {aka const std::pair<const llvm::BasicBlock*, const llvm::BasicBlock*>}’ to ‘long int’
/home/dskhudia/projects/Reliability/approximate/llvm-3.2.src/include/llvm/Support/raw_ostream.h:182:16: note: llvm::raw_ostream& llvm::raw_ostream::operator<<(long long unsigned int)
/home/dskhudia/projects/Reliability/approximate/llvm-3.2.src/include/llvm/Support/raw_ostream.h:182:16: note:   no known conversion for argument 1 from ‘const Edge {aka const std::pair<const llvm::BasicBlock*, const llvm::BasicBlock*>}’ to ‘long long unsigned int’
/home/dskhudia/projects/Reliability/approximate/llvm-3.2.src/include/llvm/Support/raw_ostream.h:183:16: note: llvm::raw_ostream& llvm::raw_ostream::operator<<(long long int)
/home/dskhudia/projects/Reliability/approximate/llvm-3.2.src/include/llvm/Support/raw_ostream.h:183:16: note:   no known conversion for argument 1 from ‘const Edge {aka const std::pair<const llvm::BasicBlock*, const llvm::BasicBlock*>}’ to ‘long long int’
/home/dskhudia/projects/Reliability/approximate/llvm-3.2.src/include/llvm/Support/raw_ostream.h:184:16: note: llvm::raw_ostream& llvm::raw_ostream::operator<<(const void*)
/home/dskhudia/projects/Reliability/approximate/llvm-3.2.src/include/llvm/Support/raw_ostream.h:184:16: note:   no known conversion for argument 1 from ‘const Edge {aka const std::pair<const llvm::BasicBlock*, const llvm::BasicBlock*>}’ to ‘const void*’
/home/dskhudia/projects/Reliability/approximate/llvm-3.2.src/include/llvm/Support/raw_ostream.h:185:16: note: llvm::raw_ostream& llvm::raw_ostream::operator<<(unsigned int)
/home/dskhudia/projects/Reliability/approximate/llvm-3.2.src/include/llvm/Support/raw_ostream.h:185:16: note:   no known conversion for argument 1 from ‘const Edge {aka const std::pair<const llvm::BasicBlock*, const llvm::BasicBlock*>}’ to ‘unsigned int’
/home/dskhudia/projects/Reliability/approximate/llvm-3.2.src/include/llvm/Support/raw_ostream.h:189:16: note: llvm::raw_ostream& llvm::raw_ostream::operator<<(int)
/home/dskhudia/projects/Reliability/approximate/llvm-3.2.src/include/llvm/Support/raw_ostream.h:189:16: note:   no known conversion for argument 1 from ‘const Edge {aka const std::pair<const llvm::BasicBlock*, const llvm::BasicBlock*>}’ to ‘int’
/home/dskhudia/projects/Reliability/approximate/llvm-3.2.src/include/llvm/Support/raw_ostream.h:193:16: note: llvm::raw_ostream& llvm::raw_ostream::operator<<(double)
/home/dskhudia/projects/Reliability/approximate/llvm-3.2.src/include/llvm/Support/raw_ostream.h:193:16: note:   no known conversion for argument 1 from ‘const Edge {aka const std::pair<const llvm::BasicBlock*, const llvm::BasicBlock*>}’ to ‘double’
/home/dskhudia/projects/Reliability/approximate/llvm-3.2.src/include/llvm/Support/raw_ostream.h:206:16: note: llvm::raw_ostream& llvm::raw_ostream::operator<<(const llvm::format_object_base&)
/home/dskhudia/projects/Reliability/approximate/llvm-3.2.src/include/llvm/Support/raw_ostream.h:206:16: note:   no known conversion for argument 1 from ‘const Edge {aka const std::pair<const llvm::BasicBlock*, const llvm::BasicBlock*>}’ to ‘const llvm::format_object_base&’
/home/dskhudia/projects/Reliability/approximate/llvm-3.2.src/include/llvm/CodeGen/MachineOperand.h:685:21: note: llvm::raw_ostream& llvm::operator<<(llvm::raw_ostream&, const llvm::MachineOperand&)
/home/dskhudia/projects/Reliability/approximate/llvm-3.2.src/include/llvm/CodeGen/MachineOperand.h:685:21: note:   no known conversion for argument 2 from ‘const Edge {aka const std::pair<const llvm::BasicBlock*, const llvm::BasicBlock*>}’ to ‘const llvm::MachineOperand&’
/home/dskhudia/projects/Reliability/approximate/llvm-3.2.src/include/llvm/Value.h:320:21: note: llvm::raw_ostream& llvm::operator<<(llvm::raw_ostream&, const llvm::Value&)
/home/dskhudia/projects/Reliability/approximate/llvm-3.2.src/include/llvm/Value.h:320:21: note:   no known conversion for argument 2 from ‘const Edge {aka const std::pair<const llvm::BasicBlock*, const llvm::BasicBlock*>}’ to ‘const llvm::Value&’
/home/dskhudia/projects/Reliability/approximate/llvm-3.2.src/include/llvm/CodeGen/MachineInstr.h:1017:21: note: llvm::raw_ostream& llvm::operator<<(llvm::raw_ostream&, const llvm::MachineInstr&)
/home/dskhudia/projects/Reliability/approximate/llvm-3.2.src/include/llvm/CodeGen/MachineInstr.h:1017:21: note:   no known conversion for argument 2 from ‘const Edge {aka const std::pair<const llvm::BasicBlock*, const llvm::BasicBlock*>}’ to ‘const llvm::MachineInstr&’
/home/dskhudia/projects/Reliability/approximate/llvm-3.2.src/include/llvm/CodeGen/MachineBasicBlock.h:621:14: note: llvm::raw_ostream& llvm::operator<<(llvm::raw_ostream&, const llvm::MachineBasicBlock&)
/home/dskhudia/projects/Reliability/approximate/llvm-3.2.src/include/llvm/CodeGen/MachineBasicBlock.h:621:14: note:   no known conversion for argument 2 from ‘const Edge {aka const std::pair<const llvm::BasicBlock*, const llvm::BasicBlock*>}’ to ‘const llvm::MachineBasicBlock&’
/home/dskhudia/projects/Reliability/approximate/llvm-3.2.src/include/llvm/ADT/Twine.h:516:23: note: llvm::raw_ostream& llvm::operator<<(llvm::raw_ostream&, const llvm::Twine&)
/home/dskhudia/projects/Reliability/approximate/llvm-3.2.src/include/llvm/ADT/Twine.h:516:23: note:   no known conversion for argument 2 from ‘const Edge {aka const std::pair<const llvm::BasicBlock*, const llvm::BasicBlock*>}’ to ‘const llvm::Twine&’
/home/dskhudia/projects/Reliability/approximate/llvm-3.2.src/include/llvm/Type.h:412:28: note: llvm::raw_ostream& llvm::operator<<(llvm::raw_ostream&, llvm::Type&)
/home/dskhudia/projects/Reliability/approximate/llvm-3.2.src/include/llvm/Type.h:412:28: note:   no known conversion for argument 2 from ‘const Edge {aka const std::pair<const llvm::BasicBlock*, const llvm::BasicBlock*>}’ to ‘llvm::Type&’
/usr/include/c++/4.6/ostream:528:5: note: template<class _Traits> std::basic_ostream<char, _Traits>& std::operator<<(std::basic_ostream<char, _Traits>&, const unsigned char*)
/usr/include/c++/4.6/ostream:523:5: note: template<class _Traits> std::basic_ostream<char, _Traits>& std::operator<<(std::basic_ostream<char, _Traits>&, const signed char*)
/usr/include/c++/4.6/ostream:510:5: note: template<class _Traits> std::basic_ostream<char, _Traits>& std::operator<<(std::basic_ostream<char, _Traits>&, const char*)
/usr/include/c++/4.6/bits/ostream.tcc:323:5: note: template<class _CharT, class _Traits> std::basic_ostream<_CharT, _Traits>& std::operator<<(std::basic_ostream<_CharT, _Traits>&, const char*)
/usr/include/c++/4.6/ostream:493:5: note: template<class _CharT, class _Traits> std::basic_ostream<_CharT, _Traits>& std::operator<<(std::basic_ostream<_CharT, _Traits>&, const _CharT*)
/usr/include/c++/4.6/ostream:473:5: note: template<class _Traits> std::basic_ostream<char, _Traits>& std::operator<<(std::basic_ostream<char, _Traits>&, unsigned char)
/usr/include/c++/4.6/ostream:468:5: note: template<class _Traits> std::basic_ostream<char, _Traits>& std::operator<<(std::basic_ostream<char, _Traits>&, signed char)
/usr/include/c++/4.6/ostream:462:5: note: template<class _Traits> std::basic_ostream<char, _Traits>& std::operator<<(std::basic_ostream<char, _Traits>&, char)
/usr/include/c++/4.6/ostream:456:5: note: template<class _CharT, class _Traits> std::basic_ostream<_CharT, _Traits>& std::operator<<(std::basic_ostream<_CharT, _Traits>&, char)
/usr/include/c++/4.6/ostream:451:5: note: template<class _CharT, class _Traits> std::basic_ostream<_CharT, _Traits>& std::operator<<(std::basic_ostream<_CharT, _Traits>&, _CharT)
/usr/include/c++/4.6/bits/basic_string.h:2693:5: note: template<class _CharT, class _Traits, class _Alloc> std::basic_ostream<_CharT, _Traits>& std::operator<<(std::basic_ostream<_CharT, _Traits>&, const std::basic_string<_CharT, _Traits, _Alloc>&)
/home/dskhudia/projects/Reliability/approximate/approx-pass/lib/approx/MyProfileInfo.cpp:230:5: error: no match for ‘operator<<’ in ‘(& llvm::dbgs())->llvm::raw_ostream::operator<<(((const char*)"Adding ")) << oldedge’
/home/dskhudia/projects/Reliability/approximate/approx-pass/lib/approx/MyProfileInfo.cpp:230:5: note: candidates are:
/home/dskhudia/projects/Reliability/approximate/llvm-3.2.src/include/llvm/Support/raw_ostream.h:134:16: note: llvm::raw_ostream& llvm::raw_ostream::operator<<(char)
/home/dskhudia/projects/Reliability/approximate/llvm-3.2.src/include/llvm/Support/raw_ostream.h:134:16: note:   no known conversion for argument 1 from ‘const Edge {aka const std::pair<const llvm::BasicBlock*, const llvm::BasicBlock*>}’ to ‘char’
/home/dskhudia/projects/Reliability/approximate/llvm-3.2.src/include/llvm/Support/raw_ostream.h:141:16: note: llvm::raw_ostream& llvm::raw_ostream::operator<<(unsigned char)
/home/dskhudia/projects/Reliability/approximate/llvm-3.2.src/include/llvm/Support/raw_ostream.h:141:16: note:   no known conversion for argument 1 from ‘const Edge {aka const std::pair<const llvm::BasicBlock*, const llvm::BasicBlock*>}’ to ‘unsigned char’
/home/dskhudia/projects/Reliability/approximate/llvm-3.2.src/include/llvm/Support/raw_ostream.h:148:16: note: llvm::raw_ostream& llvm::raw_ostream::operator<<(signed char)
/home/dskhudia/projects/Reliability/approximate/llvm-3.2.src/include/llvm/Support/raw_ostream.h:148:16: note:   no known conversion for argument 1 from ‘const Edge {aka const std::pair<const llvm::BasicBlock*, const llvm::BasicBlock*>}’ to ‘signed char’
/home/dskhudia/projects/Reliability/approximate/llvm-3.2.src/include/llvm/Support/raw_ostream.h:155:16: note: llvm::raw_ostream& llvm::raw_ostream::operator<<(llvm::StringRef)
/home/dskhudia/projects/Reliability/approximate/llvm-3.2.src/include/llvm/Support/raw_ostream.h:155:16: note:   no known conversion for argument 1 from ‘const Edge {aka const std::pair<const llvm::BasicBlock*, const llvm::BasicBlock*>}’ to ‘llvm::StringRef’
/home/dskhudia/projects/Reliability/approximate/llvm-3.2.src/include/llvm/Support/raw_ostream.h:168:16: note: llvm::raw_ostream& llvm::raw_ostream::operator<<(const char*)
/home/dskhudia/projects/Reliability/approximate/llvm-3.2.src/include/llvm/Support/raw_ostream.h:168:16: note:   no known conversion for argument 1 from ‘const Edge {aka const std::pair<const llvm::BasicBlock*, const llvm::BasicBlock*>}’ to ‘const char*’
/home/dskhudia/projects/Reliability/approximate/llvm-3.2.src/include/llvm/Support/raw_ostream.h:175:16: note: llvm::raw_ostream& llvm::raw_ostream::operator<<(const string&)
/home/dskhudia/projects/Reliability/approximate/llvm-3.2.src/include/llvm/Support/raw_ostream.h:175:16: note:   no known conversion for argument 1 from ‘const Edge {aka const std::pair<const llvm::BasicBlock*, const llvm::BasicBlock*>}’ to ‘const string& {aka const std::basic_string<char>&}’
/home/dskhudia/projects/Reliability/approximate/llvm-3.2.src/include/llvm/Support/raw_ostream.h:180:16: note: llvm::raw_ostream& llvm::raw_ostream::operator<<(long unsigned int)
/home/dskhudia/projects/Reliability/approximate/llvm-3.2.src/include/llvm/Support/raw_ostream.h:180:16: note:   no known conversion for argument 1 from ‘const Edge {aka const std::pair<const llvm::BasicBlock*, const llvm::BasicBlock*>}’ to ‘long unsigned int’
/home/dskhudia/projects/Reliability/approximate/llvm-3.2.src/include/llvm/Support/raw_ostream.h:181:16: note: llvm::raw_ostream& llvm::raw_ostream::operator<<(long int)
/home/dskhudia/projects/Reliability/approximate/llvm-3.2.src/include/llvm/Support/raw_ostream.h:181:16: note:   no known conversion for argument 1 from ‘const Edge {aka const std::pair<const llvm::BasicBlock*, const llvm::BasicBlock*>}’ to ‘long int’
/home/dskhudia/projects/Reliability/approximate/llvm-3.2.src/include/llvm/Support/raw_ostream.h:182:16: note: llvm::raw_ostream& llvm::raw_ostream::operator<<(long long unsigned int)
/home/dskhudia/projects/Reliability/approximate/llvm-3.2.src/include/llvm/Support/raw_ostream.h:182:16: note:   no known conversion for argument 1 from ‘const Edge {aka const std::pair<const llvm::BasicBlock*, const llvm::BasicBlock*>}’ to ‘long long unsigned int’
/home/dskhudia/projects/Reliability/approximate/llvm-3.2.src/include/llvm/Support/raw_ostream.h:183:16: note: llvm::raw_ostream& llvm::raw_ostream::operator<<(long long int)
/home/dskhudia/projects/Reliability/approximate/llvm-3.2.src/include/llvm/Support/raw_ostream.h:183:16: note:   no known conversion for argument 1 from ‘const Edge {aka const std::pair<const llvm::BasicBlock*, const llvm::BasicBlock*>}’ to ‘long long int’
/home/dskhudia/projects/Reliability/approximate/llvm-3.2.src/include/llvm/Support/raw_ostream.h:184:16: note: llvm::raw_ostream& llvm::raw_ostream::operator<<(const void*)
/home/dskhudia/projects/Reliability/approximate/llvm-3.2.src/include/llvm/Support/raw_ostream.h:184:16: note:   no known conversion for argument 1 from ‘const Edge {aka const std::pair<const llvm::BasicBlock*, const llvm::BasicBlock*>}’ to ‘const void*’
/home/dskhudia/projects/Reliability/approximate/llvm-3.2.src/include/llvm/Support/raw_ostream.h:185:16: note: llvm::raw_ostream& llvm::raw_ostream::operator<<(unsigned int)
/home/dskhudia/projects/Reliability/approximate/llvm-3.2.src/include/llvm/Support/raw_ostream.h:185:16: note:   no known conversion for argument 1 from ‘const Edge {aka const std::pair<const llvm::BasicBlock*, const llvm::BasicBlock*>}’ to ‘unsigned int’
/home/dskhudia/projects/Reliability/approximate/llvm-3.2.src/include/llvm/Support/raw_ostream.h:189:16: note: llvm::raw_ostream& llvm::raw_ostream::operator<<(int)
/home/dskhudia/projects/Reliability/approximate/llvm-3.2.src/include/llvm/Support/raw_ostream.h:189:16: note:   no known conversion for argument 1 from ‘const Edge {aka const std::pair<const llvm::BasicBlock*, const llvm::BasicBlock*>}’ to ‘int’
/home/dskhudia/projects/Reliability/approximate/llvm-3.2.src/include/llvm/Support/raw_ostream.h:193:16: note: llvm::raw_ostream& llvm::raw_ostream::operator<<(double)
/home/dskhudia/projects/Reliability/approximate/llvm-3.2.src/include/llvm/Support/raw_ostream.h:193:16: note:   no known conversion for argument 1 from ‘const Edge {aka const std::pair<const llvm::BasicBlock*, const llvm::BasicBlock*>}’ to ‘double’
/home/dskhudia/projects/Reliability/approximate/llvm-3.2.src/include/llvm/Support/raw_ostream.h:206:16: note: llvm::raw_ostream& llvm::raw_ostream::operator<<(const llvm::format_object_base&)
/home/dskhudia/projects/Reliability/approximate/llvm-3.2.src/include/llvm/Support/raw_ostream.h:206:16: note:   no known conversion for argument 1 from ‘const Edge {aka const std::pair<const llvm::BasicBlock*, const llvm::BasicBlock*>}’ to ‘const llvm::format_object_base&’
/home/dskhudia/projects/Reliability/approximate/llvm-3.2.src/include/llvm/CodeGen/MachineOperand.h:685:21: note: llvm::raw_ostream& llvm::operator<<(llvm::raw_ostream&, const llvm::MachineOperand&)
/home/dskhudia/projects/Reliability/approximate/llvm-3.2.src/include/llvm/CodeGen/MachineOperand.h:685:21: note:   no known conversion for argument 2 from ‘const Edge {aka const std::pair<const llvm::BasicBlock*, const llvm::BasicBlock*>}’ to ‘const llvm::MachineOperand&’
/home/dskhudia/projects/Reliability/approximate/llvm-3.2.src/include/llvm/Value.h:320:21: note: llvm::raw_ostream& llvm::operator<<(llvm::raw_ostream&, const llvm::Value&)
/home/dskhudia/projects/Reliability/approximate/llvm-3.2.src/include/llvm/Value.h:320:21: note:   no known conversion for argument 2 from ‘const Edge {aka const std::pair<const llvm::BasicBlock*, const llvm::BasicBlock*>}’ to ‘const llvm::Value&’
/home/dskhudia/projects/Reliability/approximate/llvm-3.2.src/include/llvm/CodeGen/MachineInstr.h:1017:21: note: llvm::raw_ostream& llvm::operator<<(llvm::raw_ostream&, const llvm::MachineInstr&)
/home/dskhudia/projects/Reliability/approximate/llvm-3.2.src/include/llvm/CodeGen/MachineInstr.h:1017:21: note:   no known conversion for argument 2 from ‘const Edge {aka const std::pair<const llvm::BasicBlock*, const llvm::BasicBlock*>}’ to ‘const llvm::MachineInstr&’
/home/dskhudia/projects/Reliability/approximate/llvm-3.2.src/include/llvm/CodeGen/MachineBasicBlock.h:621:14: note: llvm::raw_ostream& llvm::operator<<(llvm::raw_ostream&, const llvm::MachineBasicBlock&)
/home/dskhudia/projects/Reliability/approximate/llvm-3.2.src/include/llvm/CodeGen/MachineBasicBlock.h:621:14: note:   no known conversion for argument 2 from ‘const Edge {aka const std::pair<const llvm::BasicBlock*, const llvm::BasicBlock*>}’ to ‘const llvm::MachineBasicBlock&’
/home/dskhudia/projects/Reliability/approximate/llvm-3.2.src/include/llvm/ADT/Twine.h:516:23: note: llvm::raw_ostream& llvm::operator<<(llvm::raw_ostream&, const llvm::Twine&)
/home/dskhudia/projects/Reliability/approximate/llvm-3.2.src/include/llvm/ADT/Twine.h:516:23: note:   no known conversion for argument 2 from ‘const Edge {aka const std::pair<const llvm::BasicBlock*, const llvm::BasicBlock*>}’ to ‘const llvm::Twine&’
/home/dskhudia/projects/Reliability/approximate/llvm-3.2.src/include/llvm/Type.h:412:28: note: llvm::raw_ostream& llvm::operator<<(llvm::raw_ostream&, llvm::Type&)
/home/dskhudia/projects/Reliability/approximate/llvm-3.2.src/include/llvm/Type.h:412:28: note:   no known conversion for argument 2 from ‘const Edge {aka const std::pair<const llvm::BasicBlock*, const llvm::BasicBlock*>}’ to ‘llvm::Type&’
/usr/include/c++/4.6/ostream:528:5: note: template<class _Traits> std::basic_ostream<char, _Traits>& std::operator<<(std::basic_ostream<char, _Traits>&, const unsigned char*)
/usr/include/c++/4.6/ostream:523:5: note: template<class _Traits> std::basic_ostream<char, _Traits>& std::operator<<(std::basic_ostream<char, _Traits>&, const signed char*)
/usr/include/c++/4.6/ostream:510:5: note: template<class _Traits> std::basic_ostream<char, _Traits>& std::operator<<(std::basic_ostream<char, _Traits>&, const char*)
/usr/include/c++/4.6/bits/ostream.tcc:323:5: note: template<class _CharT, class _Traits> std::basic_ostream<_CharT, _Traits>& std::operator<<(std::basic_ostream<_CharT, _Traits>&, const char*)
/usr/include/c++/4.6/ostream:493:5: note: template<class _CharT, class _Traits> std::basic_ostream<_CharT, _Traits>& std::operator<<(std::basic_ostream<_CharT, _Traits>&, const _CharT*)
/usr/include/c++/4.6/ostream:473:5: note: template<class _Traits> std::basic_ostream<char, _Traits>& std::operator<<(std::basic_ostream<char, _Traits>&, unsigned char)
/usr/include/c++/4.6/ostream:468:5: note: template<class _Traits> std::basic_ostream<char, _Traits>& std::operator<<(std::basic_ostream<char, _Traits>&, signed char)
/usr/include/c++/4.6/ostream:462:5: note: template<class _Traits> std::basic_ostream<char, _Traits>& std::operator<<(std::basic_ostream<char, _Traits>&, char)
/usr/include/c++/4.6/ostream:456:5: note: template<class _CharT, class _Traits> std::basic_ostream<_CharT, _Traits>& std::operator<<(std::basic_ostream<_CharT, _Traits>&, char)
/usr/include/c++/4.6/ostream:451:5: note: template<class _CharT, class _Traits> std::basic_ostream<_CharT, _Traits>& std::operator<<(std::basic_ostream<_CharT, _Traits>&, _CharT)
/usr/include/c++/4.6/bits/basic_string.h:2693:5: note: template<class _CharT, class _Traits, class _Alloc> std::basic_ostream<_CharT, _Traits>& std::operator<<(std::basic_ostream<_CharT, _Traits>&, const std::basic_string<_CharT, _Traits, _Alloc>&)
/home/dskhudia/projects/Reliability/approximate/approx-pass/lib/approx/MyProfileInfo.cpp: In member function ‘void llvm::MyProfileInfoT<FType, BType>::divertFlow(const Edge&, const Edge&) [with FType = llvm::Function, BType = llvm::BasicBlock, llvm::MyProfileInfoT<FType, BType>::Edge = std::pair<const llvm::BasicBlock*, const llvm::BasicBlock*>]’:
/home/dskhudia/projects/Reliability/approximate/approx-pass/lib/approx/MyProfileInfo.cpp:283:3: error: no match for ‘operator<<’ in ‘(& llvm::dbgs())->llvm::raw_ostream::operator<<(((const char*)"Diverting ")) << oldedge’
/home/dskhudia/projects/Reliability/approximate/approx-pass/lib/approx/MyProfileInfo.cpp:283:3: note: candidates are:
/home/dskhudia/projects/Reliability/approximate/llvm-3.2.src/include/llvm/Support/raw_ostream.h:134:16: note: llvm::raw_ostream& llvm::raw_ostream::operator<<(char)
/home/dskhudia/projects/Reliability/approximate/llvm-3.2.src/include/llvm/Support/raw_ostream.h:134:16: note:   no known conversion for argument 1 from ‘const Edge {aka const std::pair<const llvm::BasicBlock*, const llvm::BasicBlock*>}’ to ‘char’
/home/dskhudia/projects/Reliability/approximate/llvm-3.2.src/include/llvm/Support/raw_ostream.h:141:16: note: llvm::raw_ostream& llvm::raw_ostream::operator<<(unsigned char)
/home/dskhudia/projects/Reliability/approximate/llvm-3.2.src/include/llvm/Support/raw_ostream.h:141:16: note:   no known conversion for argument 1 from ‘const Edge {aka const std::pair<const llvm::BasicBlock*, const llvm::BasicBlock*>}’ to ‘unsigned char’
/home/dskhudia/projects/Reliability/approximate/llvm-3.2.src/include/llvm/Support/raw_ostream.h:148:16: note: llvm::raw_ostream& llvm::raw_ostream::operator<<(signed char)
/home/dskhudia/projects/Reliability/approximate/llvm-3.2.src/include/llvm/Support/raw_ostream.h:148:16: note:   no known conversion for argument 1 from ‘const Edge {aka const std::pair<const llvm::BasicBlock*, const llvm::BasicBlock*>}’ to ‘signed char’
/home/dskhudia/projects/Reliability/approximate/llvm-3.2.src/include/llvm/Support/raw_ostream.h:155:16: note: llvm::raw_ostream& llvm::raw_ostream::operator<<(llvm::StringRef)
/home/dskhudia/projects/Reliability/approximate/llvm-3.2.src/include/llvm/Support/raw_ostream.h:155:16: note:   no known conversion for argument 1 from ‘const Edge {aka const std::pair<const llvm::BasicBlock*, const llvm::BasicBlock*>}’ to ‘llvm::StringRef’
/home/dskhudia/projects/Reliability/approximate/llvm-3.2.src/include/llvm/Support/raw_ostream.h:168:16: note: llvm::raw_ostream& llvm::raw_ostream::operator<<(const char*)
/home/dskhudia/projects/Reliability/approximate/llvm-3.2.src/include/llvm/Support/raw_ostream.h:168:16: note:   no known conversion for argument 1 from ‘const Edge {aka const std::pair<const llvm::BasicBlock*, const llvm::BasicBlock*>}’ to ‘const char*’
/home/dskhudia/projects/Reliability/approximate/llvm-3.2.src/include/llvm/Support/raw_ostream.h:175:16: note: llvm::raw_ostream& llvm::raw_ostream::operator<<(const string&)
/home/dskhudia/projects/Reliability/approximate/llvm-3.2.src/include/llvm/Support/raw_ostream.h:175:16: note:   no known conversion for argument 1 from ‘const Edge {aka const std::pair<const llvm::BasicBlock*, const llvm::BasicBlock*>}’ to ‘const string& {aka const std::basic_string<char>&}’
/home/dskhudia/projects/Reliability/approximate/llvm-3.2.src/include/llvm/Support/raw_ostream.h:180:16: note: llvm::raw_ostream& llvm::raw_ostream::operator<<(long unsigned int)
/home/dskhudia/projects/Reliability/approximate/llvm-3.2.src/include/llvm/Support/raw_ostream.h:180:16: note:   no known conversion for argument 1 from ‘const Edge {aka const std::pair<const llvm::BasicBlock*, const llvm::BasicBlock*>}’ to ‘long unsigned int’
/home/dskhudia/projects/Reliability/approximate/llvm-3.2.src/include/llvm/Support/raw_ostream.h:181:16: note: llvm::raw_ostream& llvm::raw_ostream::operator<<(long int)
/home/dskhudia/projects/Reliability/approximate/llvm-3.2.src/include/llvm/Support/raw_ostream.h:181:16: note:   no known conversion for argument 1 from ‘const Edge {aka const std::pair<const llvm::BasicBlock*, const llvm::BasicBlock*>}’ to ‘long int’
/home/dskhudia/projects/Reliability/approximate/llvm-3.2.src/include/llvm/Support/raw_ostream.h:182:16: note: llvm::raw_ostream& llvm::raw_ostream::operator<<(long long unsigned int)
/home/dskhudia/projects/Reliability/approximate/llvm-3.2.src/include/llvm/Support/raw_ostream.h:182:16: note:   no known conversion for argument 1 from ‘const Edge {aka const std::pair<const llvm::BasicBlock*, const llvm::BasicBlock*>}’ to ‘long long unsigned int’
/home/dskhudia/projects/Reliability/approximate/llvm-3.2.src/include/llvm/Support/raw_ostream.h:183:16: note: llvm::raw_ostream& llvm::raw_ostream::operator<<(long long int)
/home/dskhudia/projects/Reliability/approximate/llvm-3.2.src/include/llvm/Support/raw_ostream.h:183:16: note:   no known conversion for argument 1 from ‘const Edge {aka const std::pair<const llvm::BasicBlock*, const llvm::BasicBlock*>}’ to ‘long long int’
/home/dskhudia/projects/Reliability/approximate/llvm-3.2.src/include/llvm/Support/raw_ostream.h:184:16: note: llvm::raw_ostream& llvm::raw_ostream::operator<<(const void*)
/home/dskhudia/projects/Reliability/approximate/llvm-3.2.src/include/llvm/Support/raw_ostream.h:184:16: note:   no known conversion for argument 1 from ‘const Edge {aka const std::pair<const llvm::BasicBlock*, const llvm::BasicBlock*>}’ to ‘const void*’
/home/dskhudia/projects/Reliability/approximate/llvm-3.2.src/include/llvm/Support/raw_ostream.h:185:16: note: llvm::raw_ostream& llvm::raw_ostream::operator<<(unsigned int)
/home/dskhudia/projects/Reliability/approximate/llvm-3.2.src/include/llvm/Support/raw_ostream.h:185:16: note:   no known conversion for argument 1 from ‘const Edge {aka const std::pair<const llvm::BasicBlock*, const llvm::BasicBlock*>}’ to ‘unsigned int’
/home/dskhudia/projects/Reliability/approximate/llvm-3.2.src/include/llvm/Support/raw_ostream.h:189:16: note: llvm::raw_ostream& llvm::raw_ostream::operator<<(int)
/home/dskhudia/projects/Reliability/approximate/llvm-3.2.src/include/llvm/Support/raw_ostream.h:189:16: note:   no known conversion for argument 1 from ‘const Edge {aka const std::pair<const llvm::BasicBlock*, const llvm::BasicBlock*>}’ to ‘int’
/home/dskhudia/projects/Reliability/approximate/llvm-3.2.src/include/llvm/Support/raw_ostream.h:193:16: note: llvm::raw_ostream& llvm::raw_ostream::operator<<(double)
/home/dskhudia/projects/Reliability/approximate/llvm-3.2.src/include/llvm/Support/raw_ostream.h:193:16: note:   no known conversion for argument 1 from ‘const Edge {aka const std::pair<const llvm::BasicBlock*, const llvm::BasicBlock*>}’ to ‘double’
/home/dskhudia/projects/Reliability/approximate/llvm-3.2.src/include/llvm/Support/raw_ostream.h:206:16: note: llvm::raw_ostream& llvm::raw_ostream::operator<<(const llvm::format_object_base&)
/home/dskhudia/projects/Reliability/approximate/llvm-3.2.src/include/llvm/Support/raw_ostream.h:206:16: note:   no known conversion for argument 1 from ‘const Edge {aka const std::pair<const llvm::BasicBlock*, const llvm::BasicBlock*>}’ to ‘const llvm::format_object_base&’
/home/dskhudia/projects/Reliability/approximate/llvm-3.2.src/include/llvm/CodeGen/MachineOperand.h:685:21: note: llvm::raw_ostream& llvm::operator<<(llvm::raw_ostream&, const llvm::MachineOperand&)
/home/dskhudia/projects/Reliability/approximate/llvm-3.2.src/include/llvm/CodeGen/MachineOperand.h:685:21: note:   no known conversion for argument 2 from ‘const Edge {aka const std::pair<const llvm::BasicBlock*, const llvm::BasicBlock*>}’ to ‘const llvm::MachineOperand&’
/home/dskhudia/projects/Reliability/approximate/llvm-3.2.src/include/llvm/Value.h:320:21: note: llvm::raw_ostream& llvm::operator<<(llvm::raw_ostream&, const llvm::Value&)
/home/dskhudia/projects/Reliability/approximate/llvm-3.2.src/include/llvm/Value.h:320:21: note:   no known conversion for argument 2 from ‘const Edge {aka const std::pair<const llvm::BasicBlock*, const llvm::BasicBlock*>}’ to ‘const llvm::Value&’
/home/dskhudia/projects/Reliability/approximate/llvm-3.2.src/include/llvm/CodeGen/MachineInstr.h:1017:21: note: llvm::raw_ostream& llvm::operator<<(llvm::raw_ostream&, const llvm::MachineInstr&)
/home/dskhudia/projects/Reliability/approximate/llvm-3.2.src/include/llvm/CodeGen/MachineInstr.h:1017:21: note:   no known conversion for argument 2 from ‘const Edge {aka const std::pair<const llvm::BasicBlock*, const llvm::BasicBlock*>}’ to ‘const llvm::MachineInstr&’
/home/dskhudia/projects/Reliability/approximate/llvm-3.2.src/include/llvm/CodeGen/MachineBasicBlock.h:621:14: note: llvm::raw_ostream& llvm::operator<<(llvm::raw_ostream&, const llvm::MachineBasicBlock&)
/home/dskhudia/projects/Reliability/approximate/llvm-3.2.src/include/llvm/CodeGen/MachineBasicBlock.h:621:14: note:   no known conversion for argument 2 from ‘const Edge {aka const std::pair<const llvm::BasicBlock*, const llvm::BasicBlock*>}’ to ‘const llvm::MachineBasicBlock&’
/home/dskhudia/projects/Reliability/approximate/llvm-3.2.src/include/llvm/ADT/Twine.h:516:23: note: llvm::raw_ostream& llvm::operator<<(llvm::raw_ostream&, const llvm::Twine&)
/home/dskhudia/projects/Reliability/approximate/llvm-3.2.src/include/llvm/ADT/Twine.h:516:23: note:   no known conversion for argument 2 from ‘const Edge {aka const std::pair<const llvm::BasicBlock*, const llvm::BasicBlock*>}’ to ‘const llvm::Twine&’
/home/dskhudia/projects/Reliability/approximate/llvm-3.2.src/include/llvm/Type.h:412:28: note: llvm::raw_ostream& llvm::operator<<(llvm::raw_ostream&, llvm::Type&)
/home/dskhudia/projects/Reliability/approximate/llvm-3.2.src/include/llvm/Type.h:412:28: note:   no known conversion for argument 2 from ‘const Edge {aka const std::pair<const llvm::BasicBlock*, const llvm::BasicBlock*>}’ to ‘llvm::Type&’
/usr/include/c++/4.6/ostream:528:5: note: template<class _Traits> std::basic_ostream<char, _Traits>& std::operator<<(std::basic_ostream<char, _Traits>&, const unsigned char*)
/usr/include/c++/4.6/ostream:523:5: note: template<class _Traits> std::basic_ostream<char, _Traits>& std::operator<<(std::basic_ostream<char, _Traits>&, const signed char*)
/usr/include/c++/4.6/ostream:510:5: note: template<class _Traits> std::basic_ostream<char, _Traits>& std::operator<<(std::basic_ostream<char, _Traits>&, const char*)
/usr/include/c++/4.6/bits/ostream.tcc:323:5: note: template<class _CharT, class _Traits> std::basic_ostream<_CharT, _Traits>& std::operator<<(std::basic_ostream<_CharT, _Traits>&, const char*)
/usr/include/c++/4.6/ostream:493:5: note: template<class _CharT, class _Traits> std::basic_ostream<_CharT, _Traits>& std::operator<<(std::basic_ostream<_CharT, _Traits>&, const _CharT*)
/usr/include/c++/4.6/ostream:473:5: note: template<class _Traits> std::basic_ostream<char, _Traits>& std::operator<<(std::basic_ostream<char, _Traits>&, unsigned char)
/usr/include/c++/4.6/ostream:468:5: note: template<class _Traits> std::basic_ostream<char, _Traits>& std::operator<<(std::basic_ostream<char, _Traits>&, signed char)
/usr/include/c++/4.6/ostream:462:5: note: template<class _Traits> std::basic_ostream<char, _Traits>& std::operator<<(std::basic_ostream<char, _Traits>&, char)
/usr/include/c++/4.6/ostream:456:5: note: template<class _CharT, class _Traits> std::basic_ostream<_CharT, _Traits>& std::operator<<(std::basic_ostream<_CharT, _Traits>&, char)
/usr/include/c++/4.6/ostream:451:5: note: template<class _CharT, class _Traits> std::basic_ostream<_CharT, _Traits>& std::operator<<(std::basic_ostream<_CharT, _Traits>&, _CharT)
/usr/include/c++/4.6/bits/basic_string.h:2693:5: note: template<class _CharT, class _Traits, class _Alloc> std::basic_ostream<_CharT, _Traits>& std::operator<<(std::basic_ostream<_CharT, _Traits>&, const std::basic_string<_CharT, _Traits, _Alloc>&)
/home/dskhudia/projects/Reliability/approximate/approx-pass/lib/approx/MyProfileInfo.cpp: In member function ‘bool llvm::MyProfileInfoT<FType, BType>::CalculateMissingEdge(const BType*, llvm::MyProfileInfoT<FType, BType>::Edge&, bool) [with FType = llvm::Function, BType = llvm::BasicBlock, llvm::MyProfileInfoT<FType, BType>::Edge = std::pair<const llvm::BasicBlock*, const llvm::BasicBlock*>]’:
/home/dskhudia/projects/Reliability/approximate/approx-pass/lib/approx/MyProfileInfo.cpp:558:5: error: no match for ‘operator<<’ in ‘(& llvm::dbgs())->llvm::raw_ostream::operator<<(((const char*)"--Calc Edge Counter for ")) << edgetocalc’
/home/dskhudia/projects/Reliability/approximate/approx-pass/lib/approx/MyProfileInfo.cpp:558:5: note: candidates are:
/home/dskhudia/projects/Reliability/approximate/llvm-3.2.src/include/llvm/Support/raw_ostream.h:134:16: note: llvm::raw_ostream& llvm::raw_ostream::operator<<(char)
/home/dskhudia/projects/Reliability/approximate/llvm-3.2.src/include/llvm/Support/raw_ostream.h:134:16: note:   no known conversion for argument 1 from ‘llvm::MyProfileInfoT<llvm::Function, llvm::BasicBlock>::Edge {aka std::pair<const llvm::BasicBlock*, const llvm::BasicBlock*>}’ to ‘char’
/home/dskhudia/projects/Reliability/approximate/llvm-3.2.src/include/llvm/Support/raw_ostream.h:141:16: note: llvm::raw_ostream& llvm::raw_ostream::operator<<(unsigned char)
/home/dskhudia/projects/Reliability/approximate/llvm-3.2.src/include/llvm/Support/raw_ostream.h:141:16: note:   no known conversion for argument 1 from ‘llvm::MyProfileInfoT<llvm::Function, llvm::BasicBlock>::Edge {aka std::pair<const llvm::BasicBlock*, const llvm::BasicBlock*>}’ to ‘unsigned char’
/home/dskhudia/projects/Reliability/approximate/llvm-3.2.src/include/llvm/Support/raw_ostream.h:148:16: note: llvm::raw_ostream& llvm::raw_ostream::operator<<(signed char)
/home/dskhudia/projects/Reliability/approximate/llvm-3.2.src/include/llvm/Support/raw_ostream.h:148:16: note:   no known conversion for argument 1 from ‘llvm::MyProfileInfoT<llvm::Function, llvm::BasicBlock>::Edge {aka std::pair<const llvm::BasicBlock*, const llvm::BasicBlock*>}’ to ‘signed char’
/home/dskhudia/projects/Reliability/approximate/llvm-3.2.src/include/llvm/Support/raw_ostream.h:155:16: note: llvm::raw_ostream& llvm::raw_ostream::operator<<(llvm::StringRef)
/home/dskhudia/projects/Reliability/approximate/llvm-3.2.src/include/llvm/Support/raw_ostream.h:155:16: note:   no known conversion for argument 1 from ‘llvm::MyProfileInfoT<llvm::Function, llvm::BasicBlock>::Edge {aka std::pair<const llvm::BasicBlock*, const llvm::BasicBlock*>}’ to ‘llvm::StringRef’
/home/dskhudia/projects/Reliability/approximate/llvm-3.2.src/include/llvm/Support/raw_ostream.h:168:16: note: llvm::raw_ostream& llvm::raw_ostream::operator<<(const char*)
/home/dskhudia/projects/Reliability/approximate/llvm-3.2.src/include/llvm/Support/raw_ostream.h:168:16: note:   no known conversion for argument 1 from ‘llvm::MyProfileInfoT<llvm::Function, llvm::BasicBlock>::Edge {aka std::pair<const llvm::BasicBlock*, const llvm::BasicBlock*>}’ to ‘const char*’
/home/dskhudia/projects/Reliability/approximate/llvm-3.2.src/include/llvm/Support/raw_ostream.h:175:16: note: llvm::raw_ostream& llvm::raw_ostream::operator<<(const string&)
/home/dskhudia/projects/Reliability/approximate/llvm-3.2.src/include/llvm/Support/raw_ostream.h:175:16: note:   no known conversion for argument 1 from ‘llvm::MyProfileInfoT<llvm::Function, llvm::BasicBlock>::Edge {aka std::pair<const llvm::BasicBlock*, const llvm::BasicBlock*>}’ to ‘const string& {aka const std::basic_string<char>&}’
/home/dskhudia/projects/Reliability/approximate/llvm-3.2.src/include/llvm/Support/raw_ostream.h:180:16: note: llvm::raw_ostream& llvm::raw_ostream::operator<<(long unsigned int)
/home/dskhudia/projects/Reliability/approximate/llvm-3.2.src/include/llvm/Support/raw_ostream.h:180:16: note:   no known conversion for argument 1 from ‘llvm::MyProfileInfoT<llvm::Function, llvm::BasicBlock>::Edge {aka std::pair<const llvm::BasicBlock*, const llvm::BasicBlock*>}’ to ‘long unsigned int’
/home/dskhudia/projects/Reliability/approximate/llvm-3.2.src/include/llvm/Support/raw_ostream.h:181:16: note: llvm::raw_ostream& llvm::raw_ostream::operator<<(long int)
/home/dskhudia/projects/Reliability/approximate/llvm-3.2.src/include/llvm/Support/raw_ostream.h:181:16: note:   no known conversion for argument 1 from ‘llvm::MyProfileInfoT<llvm::Function, llvm::BasicBlock>::Edge {aka std::pair<const llvm::BasicBlock*, const llvm::BasicBlock*>}’ to ‘long int’
/home/dskhudia/projects/Reliability/approximate/llvm-3.2.src/include/llvm/Support/raw_ostream.h:182:16: note: llvm::raw_ostream& llvm::raw_ostream::operator<<(long long unsigned int)
/home/dskhudia/projects/Reliability/approximate/llvm-3.2.src/include/llvm/Support/raw_ostream.h:182:16: note:   no known conversion for argument 1 from ‘llvm::MyProfileInfoT<llvm::Function, llvm::BasicBlock>::Edge {aka std::pair<const llvm::BasicBlock*, const llvm::BasicBlock*>}’ to ‘long long unsigned int’
/home/dskhudia/projects/Reliability/approximate/llvm-3.2.src/include/llvm/Support/raw_ostream.h:183:16: note: llvm::raw_ostream& llvm::raw_ostream::operator<<(long long int)
/home/dskhudia/projects/Reliability/approximate/llvm-3.2.src/include/llvm/Support/raw_ostream.h:183:16: note:   no known conversion for argument 1 from ‘llvm::MyProfileInfoT<llvm::Function, llvm::BasicBlock>::Edge {aka std::pair<const llvm::BasicBlock*, const llvm::BasicBlock*>}’ to ‘long long int’
/home/dskhudia/projects/Reliability/approximate/llvm-3.2.src/include/llvm/Support/raw_ostream.h:184:16: note: llvm::raw_ostream& llvm::raw_ostream::operator<<(const void*)
/home/dskhudia/projects/Reliability/approximate/llvm-3.2.src/include/llvm/Support/raw_ostream.h:184:16: note:   no known conversion for argument 1 from ‘llvm::MyProfileInfoT<llvm::Function, llvm::BasicBlock>::Edge {aka std::pair<const llvm::BasicBlock*, const llvm::BasicBlock*>}’ to ‘const void*’
/home/dskhudia/projects/Reliability/approximate/llvm-3.2.src/include/llvm/Support/raw_ostream.h:185:16: note: llvm::raw_ostream& llvm::raw_ostream::operator<<(unsigned int)
/home/dskhudia/projects/Reliability/approximate/llvm-3.2.src/include/llvm/Support/raw_ostream.h:185:16: note:   no known conversion for argument 1 from ‘llvm::MyProfileInfoT<llvm::Function, llvm::BasicBlock>::Edge {aka std::pair<const llvm::BasicBlock*, const llvm::BasicBlock*>}’ to ‘unsigned int’
/home/dskhudia/projects/Reliability/approximate/llvm-3.2.src/include/llvm/Support/raw_ostream.h:189:16: note: llvm::raw_ostream& llvm::raw_ostream::operator<<(int)
/home/dskhudia/projects/Reliability/approximate/llvm-3.2.src/include/llvm/Support/raw_ostream.h:189:16: note:   no known conversion for argument 1 from ‘llvm::MyProfileInfoT<llvm::Function, llvm::BasicBlock>::Edge {aka std::pair<const llvm::BasicBlock*, const llvm::BasicBlock*>}’ to ‘int’
/home/dskhudia/projects/Reliability/approximate/llvm-3.2.src/include/llvm/Support/raw_ostream.h:193:16: note: llvm::raw_ostream& llvm::raw_ostream::operator<<(double)
/home/dskhudia/projects/Reliability/approximate/llvm-3.2.src/include/llvm/Support/raw_ostream.h:193:16: note:   no known conversion for argument 1 from ‘llvm::MyProfileInfoT<llvm::Function, llvm::BasicBlock>::Edge {aka std::pair<const llvm::BasicBlock*, const llvm::BasicBlock*>}’ to ‘double’
/home/dskhudia/projects/Reliability/approximate/llvm-3.2.src/include/llvm/Support/raw_ostream.h:206:16: note: llvm::raw_ostream& llvm::raw_ostream::operator<<(const llvm::format_object_base&)
/home/dskhudia/projects/Reliability/approximate/llvm-3.2.src/include/llvm/Support/raw_ostream.h:206:16: note:   no known conversion for argument 1 from ‘llvm::MyProfileInfoT<llvm::Function, llvm::BasicBlock>::Edge {aka std::pair<const llvm::BasicBlock*, const llvm::BasicBlock*>}’ to ‘const llvm::format_object_base&’
/home/dskhudia/projects/Reliability/approximate/llvm-3.2.src/include/llvm/CodeGen/MachineOperand.h:685:21: note: llvm::raw_ostream& llvm::operator<<(llvm::raw_ostream&, const llvm::MachineOperand&)
/home/dskhudia/projects/Reliability/approximate/llvm-3.2.src/include/llvm/CodeGen/MachineOperand.h:685:21: note:   no known conversion for argument 2 from ‘llvm::MyProfileInfoT<llvm::Function, llvm::BasicBlock>::Edge {aka std::pair<const llvm::BasicBlock*, const llvm::BasicBlock*>}’ to ‘const llvm::MachineOperand&’
/home/dskhudia/projects/Reliability/approximate/llvm-3.2.src/include/llvm/Value.h:320:21: note: llvm::raw_ostream& llvm::operator<<(llvm::raw_ostream&, const llvm::Value&)
/home/dskhudia/projects/Reliability/approximate/llvm-3.2.src/include/llvm/Value.h:320:21: note:   no known conversion for argument 2 from ‘llvm::MyProfileInfoT<llvm::Function, llvm::BasicBlock>::Edge {aka std::pair<const llvm::BasicBlock*, const llvm::BasicBlock*>}’ to ‘const llvm::Value&’
/home/dskhudia/projects/Reliability/approximate/llvm-3.2.src/include/llvm/CodeGen/MachineInstr.h:1017:21: note: llvm::raw_ostream& llvm::operator<<(llvm::raw_ostream&, const llvm::MachineInstr&)
/home/dskhudia/projects/Reliability/approximate/llvm-3.2.src/include/llvm/CodeGen/MachineInstr.h:1017:21: note:   no known conversion for argument 2 from ‘llvm::MyProfileInfoT<llvm::Function, llvm::BasicBlock>::Edge {aka std::pair<const llvm::BasicBlock*, const llvm::BasicBlock*>}’ to ‘const llvm::MachineInstr&’
/home/dskhudia/projects/Reliability/approximate/llvm-3.2.src/include/llvm/CodeGen/MachineBasicBlock.h:621:14: note: llvm::raw_ostream& llvm::operator<<(llvm::raw_ostream&, const llvm::MachineBasicBlock&)
/home/dskhudia/projects/Reliability/approximate/llvm-3.2.src/include/llvm/CodeGen/MachineBasicBlock.h:621:14: note:   no known conversion for argument 2 from ‘llvm::MyProfileInfoT<llvm::Function, llvm::BasicBlock>::Edge {aka std::pair<const llvm::BasicBlock*, const llvm::BasicBlock*>}’ to ‘const llvm::MachineBasicBlock&’
/home/dskhudia/projects/Reliability/approximate/llvm-3.2.src/include/llvm/ADT/Twine.h:516:23: note: llvm::raw_ostream& llvm::operator<<(llvm::raw_ostream&, const llvm::Twine&)
/home/dskhudia/projects/Reliability/approximate/llvm-3.2.src/include/llvm/ADT/Twine.h:516:23: note:   no known conversion for argument 2 from ‘llvm::MyProfileInfoT<llvm::Function, llvm::BasicBlock>::Edge {aka std::pair<const llvm::BasicBlock*, const llvm::BasicBlock*>}’ to ‘const llvm::Twine&’
/home/dskhudia/projects/Reliability/approximate/llvm-3.2.src/include/llvm/Type.h:412:28: note: llvm::raw_ostream& llvm::operator<<(llvm::raw_ostream&, llvm::Type&)
/home/dskhudia/projects/Reliability/approximate/llvm-3.2.src/include/llvm/Type.h:412:28: note:   no known conversion for argument 2 from ‘llvm::MyProfileInfoT<llvm::Function, llvm::BasicBlock>::Edge {aka std::pair<const llvm::BasicBlock*, const llvm::BasicBlock*>}’ to ‘llvm::Type&’
/usr/include/c++/4.6/ostream:528:5: note: template<class _Traits> std::basic_ostream<char, _Traits>& std::operator<<(std::basic_ostream<char, _Traits>&, const unsigned char*)
/usr/include/c++/4.6/ostream:523:5: note: template<class _Traits> std::basic_ostream<char, _Traits>& std::operator<<(std::basic_ostream<char, _Traits>&, const signed char*)
/usr/include/c++/4.6/ostream:510:5: note: template<class _Traits> std::basic_ostream<char, _Traits>& std::operator<<(std::basic_ostream<char, _Traits>&, const char*)
/usr/include/c++/4.6/bits/ostream.tcc:323:5: note: template<class _CharT, class _Traits> std::basic_ostream<_CharT, _Traits>& std::operator<<(std::basic_ostream<_CharT, _Traits>&, const char*)
/usr/include/c++/4.6/ostream:493:5: note: template<class _CharT, class _Traits> std::basic_ostream<_CharT, _Traits>& std::operator<<(std::basic_ostream<_CharT, _Traits>&, const _CharT*)
/usr/include/c++/4.6/ostream:473:5: note: template<class _Traits> std::basic_ostream<char, _Traits>& std::operator<<(std::basic_ostream<char, _Traits>&, unsigned char)
/usr/include/c++/4.6/ostream:468:5: note: template<class _Traits> std::basic_ostream<char, _Traits>& std::operator<<(std::basic_ostream<char, _Traits>&, signed char)
/usr/include/c++/4.6/ostream:462:5: note: template<class _Traits> std::basic_ostream<char, _Traits>& std::operator<<(std::basic_ostream<char, _Traits>&, char)
/usr/include/c++/4.6/ostream:456:5: note: template<class _CharT, class _Traits> std::basic_ostream<_CharT, _Traits>& std::operator<<(std::basic_ostream<_CharT, _Traits>&, char)
/usr/include/c++/4.6/ostream:451:5: note: template<class _CharT, class _Traits> std::basic_ostream<_CharT, _Traits>& std::operator<<(std::basic_ostream<_CharT, _Traits>&, _CharT)
/usr/include/c++/4.6/bits/basic_string.h:2693:5: note: template<class _CharT, class _Traits, class _Alloc> std::basic_ostream<_CharT, _Traits>& std::operator<<(std::basic_ostream<_CharT, _Traits>&, const std::basic_string<_CharT, _Traits, _Alloc>&)
In file included from /home/dskhudia/projects/Reliability/approximate/approx-pass/lib/approx/MyProfileInfo.cpp:21:0:
/home/dskhudia/projects/Reliability/approximate/approx-pass/obj/../include/MyProfileInfo.h: In member function ‘void llvm::MyProfileInfoT<FType, BType>::setEdgeWeight(llvm::MyProfileInfoT<FType, BType>::Edge, double) [with FType = llvm::Function, BType = llvm::BasicBlock, llvm::MyProfileInfoT<FType, BType>::Edge = std::pair<const llvm::BasicBlock*, const llvm::BasicBlock*>]’:
/home/dskhudia/projects/Reliability/approximate/approx-pass/lib/approx/MyProfileInfo.cpp:232:3:   instantiated from here
/home/dskhudia/projects/Reliability/approximate/approx-pass/obj/../include/MyProfileInfo.h:124:7: error: no match for ‘operator<<’ in ‘(& llvm::dbgs())->llvm::raw_ostream::operator<<(((const char*)"Creating Edge ")) << e’
/home/dskhudia/projects/Reliability/approximate/approx-pass/obj/../include/MyProfileInfo.h:124:7: note: candidates are:
/home/dskhudia/projects/Reliability/approximate/llvm-3.2.src/include/llvm/Support/raw_ostream.h:134:16: note: llvm::raw_ostream& llvm::raw_ostream::operator<<(char)
/home/dskhudia/projects/Reliability/approximate/llvm-3.2.src/include/llvm/Support/raw_ostream.h:134:16: note:   no known conversion for argument 1 from ‘llvm::MyProfileInfoT<llvm::Function, llvm::BasicBlock>::Edge {aka std::pair<const llvm::BasicBlock*, const llvm::BasicBlock*>}’ to ‘char’
/home/dskhudia/projects/Reliability/approximate/llvm-3.2.src/include/llvm/Support/raw_ostream.h:141:16: note: llvm::raw_ostream& llvm::raw_ostream::operator<<(unsigned char)
/home/dskhudia/projects/Reliability/approximate/llvm-3.2.src/include/llvm/Support/raw_ostream.h:141:16: note:   no known conversion for argument 1 from ‘llvm::MyProfileInfoT<llvm::Function, llvm::BasicBlock>::Edge {aka std::pair<const llvm::BasicBlock*, const llvm::BasicBlock*>}’ to ‘unsigned char’
/home/dskhudia/projects/Reliability/approximate/llvm-3.2.src/include/llvm/Support/raw_ostream.h:148:16: note: llvm::raw_ostream& llvm::raw_ostream::operator<<(signed char)
/home/dskhudia/projects/Reliability/approximate/llvm-3.2.src/include/llvm/Support/raw_ostream.h:148:16: note:   no known conversion for argument 1 from ‘llvm::MyProfileInfoT<llvm::Function, llvm::BasicBlock>::Edge {aka std::pair<const llvm::BasicBlock*, const llvm::BasicBlock*>}’ to ‘signed char’
/home/dskhudia/projects/Reliability/approximate/llvm-3.2.src/include/llvm/Support/raw_ostream.h:155:16: note: llvm::raw_ostream& llvm::raw_ostream::operator<<(llvm::StringRef)
/home/dskhudia/projects/Reliability/approximate/llvm-3.2.src/include/llvm/Support/raw_ostream.h:155:16: note:   no known conversion for argument 1 from ‘llvm::MyProfileInfoT<llvm::Function, llvm::BasicBlock>::Edge {aka std::pair<const llvm::BasicBlock*, const llvm::BasicBlock*>}’ to ‘llvm::StringRef’
/home/dskhudia/projects/Reliability/approximate/llvm-3.2.src/include/llvm/Support/raw_ostream.h:168:16: note: llvm::raw_ostream& llvm::raw_ostream::operator<<(const char*)
/home/dskhudia/projects/Reliability/approximate/llvm-3.2.src/include/llvm/Support/raw_ostream.h:168:16: note:   no known conversion for argument 1 from ‘llvm::MyProfileInfoT<llvm::Function, llvm::BasicBlock>::Edge {aka std::pair<const llvm::BasicBlock*, const llvm::BasicBlock*>}’ to ‘const char*’
/home/dskhudia/projects/Reliability/approximate/llvm-3.2.src/include/llvm/Support/raw_ostream.h:175:16: note: llvm::raw_ostream& llvm::raw_ostream::operator<<(const string&)
/home/dskhudia/projects/Reliability/approximate/llvm-3.2.src/include/llvm/Support/raw_ostream.h:175:16: note:   no known conversion for argument 1 from ‘llvm::MyProfileInfoT<llvm::Function, llvm::BasicBlock>::Edge {aka std::pair<const llvm::BasicBlock*, const llvm::BasicBlock*>}’ to ‘const string& {aka const std::basic_string<char>&}’
/home/dskhudia/projects/Reliability/approximate/llvm-3.2.src/include/llvm/Support/raw_ostream.h:180:16: note: llvm::raw_ostream& llvm::raw_ostream::operator<<(long unsigned int)
/home/dskhudia/projects/Reliability/approximate/llvm-3.2.src/include/llvm/Support/raw_ostream.h:180:16: note:   no known conversion for argument 1 from ‘llvm::MyProfileInfoT<llvm::Function, llvm::BasicBlock>::Edge {aka std::pair<const llvm::BasicBlock*, const llvm::BasicBlock*>}’ to ‘long unsigned int’
/home/dskhudia/projects/Reliability/approximate/llvm-3.2.src/include/llvm/Support/raw_ostream.h:181:16: note: llvm::raw_ostream& llvm::raw_ostream::operator<<(long int)
/home/dskhudia/projects/Reliability/approximate/llvm-3.2.src/include/llvm/Support/raw_ostream.h:181:16: note:   no known conversion for argument 1 from ‘llvm::MyProfileInfoT<llvm::Function, llvm::BasicBlock>::Edge {aka std::pair<const llvm::BasicBlock*, const llvm::BasicBlock*>}’ to ‘long int’
/home/dskhudia/projects/Reliability/approximate/llvm-3.2.src/include/llvm/Support/raw_ostream.h:182:16: note: llvm::raw_ostream& llvm::raw_ostream::operator<<(long long unsigned int)
/home/dskhudia/projects/Reliability/approximate/llvm-3.2.src/include/llvm/Support/raw_ostream.h:182:16: note:   no known conversion for argument 1 from ‘llvm::MyProfileInfoT<llvm::Function, llvm::BasicBlock>::Edge {aka std::pair<const llvm::BasicBlock*, const llvm::BasicBlock*>}’ to ‘long long unsigned int’
/home/dskhudia/projects/Reliability/approximate/llvm-3.2.src/include/llvm/Support/raw_ostream.h:183:16: note: llvm::raw_ostream& llvm::raw_ostream::operator<<(long long int)
/home/dskhudia/projects/Reliability/approximate/llvm-3.2.src/include/llvm/Support/raw_ostream.h:183:16: note:   no known conversion for argument 1 from ‘llvm::MyProfileInfoT<llvm::Function, llvm::BasicBlock>::Edge {aka std::pair<const llvm::BasicBlock*, const llvm::BasicBlock*>}’ to ‘long long int’
/home/dskhudia/projects/Reliability/approximate/llvm-3.2.src/include/llvm/Support/raw_ostream.h:184:16: note: llvm::raw_ostream& llvm::raw_ostream::operator<<(const void*)
/home/dskhudia/projects/Reliability/approximate/llvm-3.2.src/include/llvm/Support/raw_ostream.h:184:16: note:   no known conversion for argument 1 from ‘llvm::MyProfileInfoT<llvm::Function, llvm::BasicBlock>::Edge {aka std::pair<const llvm::BasicBlock*, const llvm::BasicBlock*>}’ to ‘const void*’
/home/dskhudia/projects/Reliability/approximate/llvm-3.2.src/include/llvm/Support/raw_ostream.h:185:16: note: llvm::raw_ostream& llvm::raw_ostream::operator<<(unsigned int)
/home/dskhudia/projects/Reliability/approximate/llvm-3.2.src/include/llvm/Support/raw_ostream.h:185:16: note:   no known conversion for argument 1 from ‘llvm::MyProfileInfoT<llvm::Function, llvm::BasicBlock>::Edge {aka std::pair<const llvm::BasicBlock*, const llvm::BasicBlock*>}’ to ‘unsigned int’
/home/dskhudia/projects/Reliability/approximate/llvm-3.2.src/include/llvm/Support/raw_ostream.h:189:16: note: llvm::raw_ostream& llvm::raw_ostream::operator<<(int)
/home/dskhudia/projects/Reliability/approximate/llvm-3.2.src/include/llvm/Support/raw_ostream.h:189:16: note:   no known conversion for argument 1 from ‘llvm::MyProfileInfoT<llvm::Function, llvm::BasicBlock>::Edge {aka std::pair<const llvm::BasicBlock*, const llvm::BasicBlock*>}’ to ‘int’
/home/dskhudia/projects/Reliability/approximate/llvm-3.2.src/include/llvm/Support/raw_ostream.h:193:16: note: llvm::raw_ostream& llvm::raw_ostream::operator<<(double)
/home/dskhudia/projects/Reliability/approximate/llvm-3.2.src/include/llvm/Support/raw_ostream.h:193:16: note:   no known conversion for argument 1 from ‘llvm::MyProfileInfoT<llvm::Function, llvm::BasicBlock>::Edge {aka std::pair<const llvm::BasicBlock*, const llvm::BasicBlock*>}’ to ‘double’
/home/dskhudia/projects/Reliability/approximate/llvm-3.2.src/include/llvm/Support/raw_ostream.h:206:16: note: llvm::raw_ostream& llvm::raw_ostream::operator<<(const llvm::format_object_base&)
/home/dskhudia/projects/Reliability/approximate/llvm-3.2.src/include/llvm/Support/raw_ostream.h:206:16: note:   no known conversion for argument 1 from ‘llvm::MyProfileInfoT<llvm::Function, llvm::BasicBlock>::Edge {aka std::pair<const llvm::BasicBlock*, const llvm::BasicBlock*>}’ to ‘const llvm::format_object_base&’
/home/dskhudia/projects/Reliability/approximate/llvm-3.2.src/include/llvm/CodeGen/MachineOperand.h:685:21: note: llvm::raw_ostream& llvm::operator<<(llvm::raw_ostream&, const llvm::MachineOperand&)
/home/dskhudia/projects/Reliability/approximate/llvm-3.2.src/include/llvm/CodeGen/MachineOperand.h:685:21: note:   no known conversion for argument 2 from ‘llvm::MyProfileInfoT<llvm::Function, llvm::BasicBlock>::Edge {aka std::pair<const llvm::BasicBlock*, const llvm::BasicBlock*>}’ to ‘const llvm::MachineOperand&’
/home/dskhudia/projects/Reliability/approximate/llvm-3.2.src/include/llvm/Value.h:320:21: note: llvm::raw_ostream& llvm::operator<<(llvm::raw_ostream&, const llvm::Value&)
/home/dskhudia/projects/Reliability/approximate/llvm-3.2.src/include/llvm/Value.h:320:21: note:   no known conversion for argument 2 from ‘llvm::MyProfileInfoT<llvm::Function, llvm::BasicBlock>::Edge {aka std::pair<const llvm::BasicBlock*, const llvm::BasicBlock*>}’ to ‘const llvm::Value&’
/home/dskhudia/projects/Reliability/approximate/llvm-3.2.src/include/llvm/CodeGen/MachineInstr.h:1017:21: note: llvm::raw_ostream& llvm::operator<<(llvm::raw_ostream&, const llvm::MachineInstr&)
/home/dskhudia/projects/Reliability/approximate/llvm-3.2.src/include/llvm/CodeGen/MachineInstr.h:1017:21: note:   no known conversion for argument 2 from ‘llvm::MyProfileInfoT<llvm::Function, llvm::BasicBlock>::Edge {aka std::pair<const llvm::BasicBlock*, const llvm::BasicBlock*>}’ to ‘const llvm::MachineInstr&’
/home/dskhudia/projects/Reliability/approximate/llvm-3.2.src/include/llvm/CodeGen/MachineBasicBlock.h:621:14: note: llvm::raw_ostream& llvm::operator<<(llvm::raw_ostream&, const llvm::MachineBasicBlock&)
/home/dskhudia/projects/Reliability/approximate/llvm-3.2.src/include/llvm/CodeGen/MachineBasicBlock.h:621:14: note:   no known conversion for argument 2 from ‘llvm::MyProfileInfoT<llvm::Function, llvm::BasicBlock>::Edge {aka std::pair<const llvm::BasicBlock*, const llvm::BasicBlock*>}’ to ‘const llvm::MachineBasicBlock&’
/home/dskhudia/projects/Reliability/approximate/llvm-3.2.src/include/llvm/ADT/Twine.h:516:23: note: llvm::raw_ostream& llvm::operator<<(llvm::raw_ostream&, const llvm::Twine&)
/home/dskhudia/projects/Reliability/approximate/llvm-3.2.src/include/llvm/ADT/Twine.h:516:23: note:   no known conversion for argument 2 from ‘llvm::MyProfileInfoT<llvm::Function, llvm::BasicBlock>::Edge {aka std::pair<const llvm::BasicBlock*, const llvm::BasicBlock*>}’ to ‘const llvm::Twine&’
/home/dskhudia/projects/Reliability/approximate/llvm-3.2.src/include/llvm/Type.h:412:28: note: llvm::raw_ostream& llvm::operator<<(llvm::raw_ostream&, llvm::Type&)
/home/dskhudia/projects/Reliability/approximate/llvm-3.2.src/include/llvm/Type.h:412:28: note:   no known conversion for argument 2 from ‘llvm::MyProfileInfoT<llvm::Function, llvm::BasicBlock>::Edge {aka std::pair<const llvm::BasicBlock*, const llvm::BasicBlock*>}’ to ‘llvm::Type&’
/usr/include/c++/4.6/ostream:528:5: note: template<class _Traits> std::basic_ostream<char, _Traits>& std::operator<<(std::basic_ostream<char, _Traits>&, const unsigned char*)
/usr/include/c++/4.6/ostream:523:5: note: template<class _Traits> std::basic_ostream<char, _Traits>& std::operator<<(std::basic_ostream<char, _Traits>&, const signed char*)
/usr/include/c++/4.6/ostream:510:5: note: template<class _Traits> std::basic_ostream<char, _Traits>& std::operator<<(std::basic_ostream<char, _Traits>&, const char*)
/usr/include/c++/4.6/bits/ostream.tcc:323:5: note: template<class _CharT, class _Traits> std::basic_ostream<_CharT, _Traits>& std::operator<<(std::basic_ostream<_CharT, _Traits>&, const char*)
/usr/include/c++/4.6/ostream:493:5: note: template<class _CharT, class _Traits> std::basic_ostream<_CharT, _Traits>& std::operator<<(std::basic_ostream<_CharT, _Traits>&, const _CharT*)
/usr/include/c++/4.6/ostream:473:5: note: template<class _Traits> std::basic_ostream<char, _Traits>& std::operator<<(std::basic_ostream<char, _Traits>&, unsigned char)
/usr/include/c++/4.6/ostream:468:5: note: template<class _Traits> std::basic_ostream<char, _Traits>& std::operator<<(std::basic_ostream<char, _Traits>&, signed char)
/usr/include/c++/4.6/ostream:462:5: note: template<class _Traits> std::basic_ostream<char, _Traits>& std::operator<<(std::basic_ostream<char, _Traits>&, char)
/usr/include/c++/4.6/ostream:456:5: note: template<class _CharT, class _Traits> std::basic_ostream<_CharT, _Traits>& std::operator<<(std::basic_ostream<_CharT, _Traits>&, char)
/usr/include/c++/4.6/ostream:451:5: note: template<class _CharT, class _Traits> std::basic_ostream<_CharT, _Traits>& std::operator<<(std::basic_ostream<_CharT, _Traits>&, _CharT)
/usr/include/c++/4.6/bits/basic_string.h:2693:5: note: template<class _CharT, class _Traits, class _Alloc> std::basic_ostream<_CharT, _Traits>& std::operator<<(std::basic_ostream<_CharT, _Traits>&, const std::basic_string<_CharT, _Traits, _Alloc>&)
/bin/rm: cannot remove `/home/dskhudia/projects/Reliability/approximate/approx-pass/obj/lib/approx/Debug+Asserts/MyProfileInfo.d.tmp': No such file or directory
make[2]: *** [/home/dskhudia/projects/Reliability/approximate/approx-pass/obj/lib/approx/Debug+Asserts/MyProfileInfo.o] Error 1
make[2]: Leaving directory `/home/dskhudia/projects/Reliability/approximate/approx-pass/obj/lib/approx'
make[1]: *** [all] Error 1
make[1]: Leaving directory `/home/dskhudia/projects/Reliability/approximate/approx-pass/obj/lib'
make: *** [all] Error 1
